{"/home/hanuz06/Desktop/LHL-tasks/team-peppermint/client/src/App.js": {"path":"/home/hanuz06/Desktop/LHL-tasks/team-peppermint/client/src/App.js","statementMap":{"0":{"start":{"line":17,"column":17},"end":{"line":17,"column":60}},"1":{"start":{"line":17,"column":28},"end":{"line":17,"column":59}},"2":{"start":{"line":18,"column":18},"end":{"line":18,"column":62}},"3":{"start":{"line":18,"column":29},"end":{"line":18,"column":61}},"4":{"start":{"line":19,"column":19},"end":{"line":19,"column":64}},"5":{"start":{"line":19,"column":30},"end":{"line":19,"column":63}},"6":{"start":{"line":21,"column":15},"end":{"line":21,"column":32}},"7":{"start":{"line":22,"column":0},"end":{"line":22,"column":16}},"8":{"start":{"line":25,"column":19},"end":{"line":25,"column":36}},"9":{"start":{"line":26,"column":16},"end":{"line":26,"column":43}},"10":{"start":{"line":28,"column":2},"end":{"line":52,"column":24}},"11":{"start":{"line":29,"column":26},"end":{"line":48,"column":5}},"12":{"start":{"line":30,"column":18},"end":{"line":30,"column":52}},"13":{"start":{"line":32,"column":6},"end":{"line":35,"column":7}},"14":{"start":{"line":33,"column":8},"end":{"line":33,"column":47}},"15":{"start":{"line":34,"column":8},"end":{"line":34,"column":19}},"16":{"start":{"line":37,"column":23},"end":{"line":43,"column":7}},"17":{"start":{"line":44,"column":6},"end":{"line":47,"column":7}},"18":{"start":{"line":45,"column":8},"end":{"line":45,"column":36}},"19":{"start":{"line":46,"column":8},"end":{"line":46,"column":32}},"20":{"start":{"line":49,"column":4},"end":{"line":49,"column":20}},"21":{"start":{"line":50,"column":4},"end":{"line":50,"column":32}},"22":{"start":{"line":54,"column":2},"end":{"line":60,"column":14}},"23":{"start":{"line":55,"column":4},"end":{"line":59,"column":7}},"24":{"start":{"line":56,"column":6},"end":{"line":56,"column":25}},"25":{"start":{"line":58,"column":6},"end":{"line":58,"column":35}},"26":{"start":{"line":62,"column":2},"end":{"line":92,"column":4}}},"fnMap":{"0":{"name":"(anonymous_0)","decl":{"start":{"line":17,"column":22},"end":{"line":17,"column":23}},"loc":{"start":{"line":17,"column":28},"end":{"line":17,"column":59}},"line":17},"1":{"name":"(anonymous_1)","decl":{"start":{"line":18,"column":23},"end":{"line":18,"column":24}},"loc":{"start":{"line":18,"column":29},"end":{"line":18,"column":61}},"line":18},"2":{"name":"(anonymous_2)","decl":{"start":{"line":19,"column":24},"end":{"line":19,"column":25}},"loc":{"start":{"line":19,"column":30},"end":{"line":19,"column":63}},"line":19},"3":{"name":"App","decl":{"start":{"line":24,"column":9},"end":{"line":24,"column":12}},"loc":{"start":{"line":24,"column":15},"end":{"line":93,"column":1}},"line":24},"4":{"name":"(anonymous_4)","decl":{"start":{"line":28,"column":12},"end":{"line":28,"column":13}},"loc":{"start":{"line":28,"column":18},"end":{"line":52,"column":3}},"line":28},"5":{"name":"(anonymous_5)","decl":{"start":{"line":29,"column":26},"end":{"line":29,"column":27}},"loc":{"start":{"line":29,"column":38},"end":{"line":48,"column":5}},"line":29},"6":{"name":"(anonymous_6)","decl":{"start":{"line":54,"column":12},"end":{"line":54,"column":13}},"loc":{"start":{"line":54,"column":18},"end":{"line":60,"column":3}},"line":54},"7":{"name":"(anonymous_7)","decl":{"start":{"line":55,"column":44},"end":{"line":55,"column":45}},"loc":{"start":{"line":55,"column":57},"end":{"line":59,"column":5}},"line":55}},"branchMap":{"0":{"loc":{"start":{"line":32,"column":6},"end":{"line":35,"column":7}},"type":"if","locations":[{"start":{"line":32,"column":6},"end":{"line":35,"column":7}},{"start":{"line":32,"column":6},"end":{"line":35,"column":7}}],"line":32},"1":{"loc":{"start":{"line":44,"column":6},"end":{"line":47,"column":7}},"type":"if","locations":[{"start":{"line":44,"column":6},"end":{"line":47,"column":7}},{"start":{"line":44,"column":6},"end":{"line":47,"column":7}}],"line":44}},"s":{"0":0,"1":0,"2":0,"3":0,"4":0,"5":0,"6":0,"7":0,"8":0,"9":0,"10":0,"11":0,"12":0,"13":0,"14":0,"15":0,"16":0,"17":0,"18":0,"19":0,"20":0,"21":0,"22":0,"23":0,"24":0,"25":0,"26":0},"f":{"0":0,"1":0,"2":0,"3":0,"4":0,"5":0,"6":0,"7":0},"b":{"0":[0,0],"1":[0,0]},"hash":"cd76f80691a9567a54021c4ef23e2f73652c0842"}
,"/home/hanuz06/Desktop/LHL-tasks/team-peppermint/client/src/serviceWorker.js": {"path":"/home/hanuz06/Desktop/LHL-tasks/team-peppermint/client/src/serviceWorker.js","statementMap":{"0":{"start":{"line":13,"column":20},"end":{"line":21,"column":1}},"1":{"start":{"line":24,"column":2},"end":{"line":54,"column":3}},"2":{"start":{"line":26,"column":22},"end":{"line":26,"column":75}},"3":{"start":{"line":27,"column":4},"end":{"line":32,"column":5}},"4":{"start":{"line":31,"column":6},"end":{"line":31,"column":13}},"5":{"start":{"line":34,"column":4},"end":{"line":53,"column":7}},"6":{"start":{"line":35,"column":20},"end":{"line":35,"column":65}},"7":{"start":{"line":37,"column":6},"end":{"line":52,"column":7}},"8":{"start":{"line":39,"column":8},"end":{"line":39,"column":47}},"9":{"start":{"line":43,"column":8},"end":{"line":48,"column":11}},"10":{"start":{"line":44,"column":10},"end":{"line":47,"column":12}},"11":{"start":{"line":51,"column":8},"end":{"line":51,"column":39}},"12":{"start":{"line":58,"column":2},"end":{"line":98,"column":7}},"13":{"start":{"line":61,"column":6},"end":{"line":94,"column":8}},"14":{"start":{"line":62,"column":33},"end":{"line":62,"column":56}},"15":{"start":{"line":63,"column":8},"end":{"line":65,"column":9}},"16":{"start":{"line":64,"column":10},"end":{"line":64,"column":17}},"17":{"start":{"line":66,"column":8},"end":{"line":93,"column":10}},"18":{"start":{"line":67,"column":10},"end":{"line":92,"column":11}},"19":{"start":{"line":68,"column":12},"end":{"line":91,"column":13}},"20":{"start":{"line":72,"column":14},"end":{"line":75,"column":16}},"21":{"start":{"line":78,"column":14},"end":{"line":80,"column":15}},"22":{"start":{"line":79,"column":16},"end":{"line":79,"column":46}},"23":{"start":{"line":85,"column":14},"end":{"line":85,"column":64}},"24":{"start":{"line":88,"column":14},"end":{"line":90,"column":15}},"25":{"start":{"line":89,"column":16},"end":{"line":89,"column":47}},"26":{"start":{"line":97,"column":6},"end":{"line":97,"column":72}},"27":{"start":{"line":103,"column":2},"end":{"line":126,"column":7}},"28":{"start":{"line":106,"column":26},"end":{"line":106,"column":62}},"29":{"start":{"line":107,"column":6},"end":{"line":120,"column":7}},"30":{"start":{"line":112,"column":8},"end":{"line":116,"column":11}},"31":{"start":{"line":113,"column":10},"end":{"line":115,"column":13}},"32":{"start":{"line":114,"column":12},"end":{"line":114,"column":37}},"33":{"start":{"line":119,"column":8},"end":{"line":119,"column":39}},"34":{"start":{"line":123,"column":6},"end":{"line":125,"column":8}},"35":{"start":{"line":130,"column":2},"end":{"line":134,"column":3}},"36":{"start":{"line":131,"column":4},"end":{"line":133,"column":7}},"37":{"start":{"line":132,"column":6},"end":{"line":132,"column":32}}},"fnMap":{"0":{"name":"register","decl":{"start":{"line":23,"column":16},"end":{"line":23,"column":24}},"loc":{"start":{"line":23,"column":33},"end":{"line":55,"column":1}},"line":23},"1":{"name":"(anonymous_1)","decl":{"start":{"line":34,"column":36},"end":{"line":34,"column":37}},"loc":{"start":{"line":34,"column":42},"end":{"line":53,"column":5}},"line":34},"2":{"name":"(anonymous_2)","decl":{"start":{"line":43,"column":43},"end":{"line":43,"column":44}},"loc":{"start":{"line":43,"column":49},"end":{"line":48,"column":9}},"line":43},"3":{"name":"registerValidSW","decl":{"start":{"line":57,"column":9},"end":{"line":57,"column":24}},"loc":{"start":{"line":57,"column":40},"end":{"line":99,"column":1}},"line":57},"4":{"name":"(anonymous_4)","decl":{"start":{"line":60,"column":10},"end":{"line":60,"column":11}},"loc":{"start":{"line":60,"column":26},"end":{"line":95,"column":5}},"line":60},"5":{"name":"(anonymous_5)","decl":{"start":{"line":61,"column":35},"end":{"line":61,"column":36}},"loc":{"start":{"line":61,"column":41},"end":{"line":94,"column":7}},"line":61},"6":{"name":"(anonymous_6)","decl":{"start":{"line":66,"column":41},"end":{"line":66,"column":42}},"loc":{"start":{"line":66,"column":47},"end":{"line":93,"column":9}},"line":66},"7":{"name":"(anonymous_7)","decl":{"start":{"line":96,"column":11},"end":{"line":96,"column":12}},"loc":{"start":{"line":96,"column":20},"end":{"line":98,"column":5}},"line":96},"8":{"name":"checkValidServiceWorker","decl":{"start":{"line":101,"column":9},"end":{"line":101,"column":32}},"loc":{"start":{"line":101,"column":48},"end":{"line":127,"column":1}},"line":101},"9":{"name":"(anonymous_9)","decl":{"start":{"line":104,"column":10},"end":{"line":104,"column":11}},"loc":{"start":{"line":104,"column":22},"end":{"line":121,"column":5}},"line":104},"10":{"name":"(anonymous_10)","decl":{"start":{"line":112,"column":43},"end":{"line":112,"column":44}},"loc":{"start":{"line":112,"column":59},"end":{"line":116,"column":9}},"line":112},"11":{"name":"(anonymous_11)","decl":{"start":{"line":113,"column":41},"end":{"line":113,"column":42}},"loc":{"start":{"line":113,"column":47},"end":{"line":115,"column":11}},"line":113},"12":{"name":"(anonymous_12)","decl":{"start":{"line":122,"column":11},"end":{"line":122,"column":12}},"loc":{"start":{"line":122,"column":17},"end":{"line":126,"column":5}},"line":122},"13":{"name":"unregister","decl":{"start":{"line":129,"column":16},"end":{"line":129,"column":26}},"loc":{"start":{"line":129,"column":29},"end":{"line":135,"column":1}},"line":129},"14":{"name":"(anonymous_14)","decl":{"start":{"line":131,"column":39},"end":{"line":131,"column":40}},"loc":{"start":{"line":131,"column":55},"end":{"line":133,"column":5}},"line":131}},"branchMap":{"0":{"loc":{"start":{"line":14,"column":2},"end":{"line":20,"column":5}},"type":"binary-expr","locations":[{"start":{"line":14,"column":2},"end":{"line":14,"column":42}},{"start":{"line":16,"column":4},"end":{"line":16,"column":40}},{"start":{"line":18,"column":4},"end":{"line":20,"column":5}}],"line":14},"1":{"loc":{"start":{"line":24,"column":2},"end":{"line":54,"column":3}},"type":"if","locations":[{"start":{"line":24,"column":2},"end":{"line":54,"column":3}},{"start":{"line":24,"column":2},"end":{"line":54,"column":3}}],"line":24},"2":{"loc":{"start":{"line":24,"column":6},"end":{"line":24,"column":75}},"type":"binary-expr","locations":[{"start":{"line":24,"column":6},"end":{"line":24,"column":43}},{"start":{"line":24,"column":47},"end":{"line":24,"column":75}}],"line":24},"3":{"loc":{"start":{"line":27,"column":4},"end":{"line":32,"column":5}},"type":"if","locations":[{"start":{"line":27,"column":4},"end":{"line":32,"column":5}},{"start":{"line":27,"column":4},"end":{"line":32,"column":5}}],"line":27},"4":{"loc":{"start":{"line":37,"column":6},"end":{"line":52,"column":7}},"type":"if","locations":[{"start":{"line":37,"column":6},"end":{"line":52,"column":7}},{"start":{"line":37,"column":6},"end":{"line":52,"column":7}}],"line":37},"5":{"loc":{"start":{"line":63,"column":8},"end":{"line":65,"column":9}},"type":"if","locations":[{"start":{"line":63,"column":8},"end":{"line":65,"column":9}},{"start":{"line":63,"column":8},"end":{"line":65,"column":9}}],"line":63},"6":{"loc":{"start":{"line":67,"column":10},"end":{"line":92,"column":11}},"type":"if","locations":[{"start":{"line":67,"column":10},"end":{"line":92,"column":11}},{"start":{"line":67,"column":10},"end":{"line":92,"column":11}}],"line":67},"7":{"loc":{"start":{"line":68,"column":12},"end":{"line":91,"column":13}},"type":"if","locations":[{"start":{"line":68,"column":12},"end":{"line":91,"column":13}},{"start":{"line":68,"column":12},"end":{"line":91,"column":13}}],"line":68},"8":{"loc":{"start":{"line":78,"column":14},"end":{"line":80,"column":15}},"type":"if","locations":[{"start":{"line":78,"column":14},"end":{"line":80,"column":15}},{"start":{"line":78,"column":14},"end":{"line":80,"column":15}}],"line":78},"9":{"loc":{"start":{"line":78,"column":18},"end":{"line":78,"column":43}},"type":"binary-expr","locations":[{"start":{"line":78,"column":18},"end":{"line":78,"column":24}},{"start":{"line":78,"column":28},"end":{"line":78,"column":43}}],"line":78},"10":{"loc":{"start":{"line":88,"column":14},"end":{"line":90,"column":15}},"type":"if","locations":[{"start":{"line":88,"column":14},"end":{"line":90,"column":15}},{"start":{"line":88,"column":14},"end":{"line":90,"column":15}}],"line":88},"11":{"loc":{"start":{"line":88,"column":18},"end":{"line":88,"column":44}},"type":"binary-expr","locations":[{"start":{"line":88,"column":18},"end":{"line":88,"column":24}},{"start":{"line":88,"column":28},"end":{"line":88,"column":44}}],"line":88},"12":{"loc":{"start":{"line":107,"column":6},"end":{"line":120,"column":7}},"type":"if","locations":[{"start":{"line":107,"column":6},"end":{"line":120,"column":7}},{"start":{"line":107,"column":6},"end":{"line":120,"column":7}}],"line":107},"13":{"loc":{"start":{"line":108,"column":8},"end":{"line":109,"column":73}},"type":"binary-expr","locations":[{"start":{"line":108,"column":8},"end":{"line":108,"column":31}},{"start":{"line":109,"column":9},"end":{"line":109,"column":28}},{"start":{"line":109,"column":32},"end":{"line":109,"column":72}}],"line":108},"14":{"loc":{"start":{"line":130,"column":2},"end":{"line":134,"column":3}},"type":"if","locations":[{"start":{"line":130,"column":2},"end":{"line":134,"column":3}},{"start":{"line":130,"column":2},"end":{"line":134,"column":3}}],"line":130}},"s":{"0":0,"1":0,"2":0,"3":0,"4":0,"5":0,"6":0,"7":0,"8":0,"9":0,"10":0,"11":0,"12":0,"13":0,"14":0,"15":0,"16":0,"17":0,"18":0,"19":0,"20":0,"21":0,"22":0,"23":0,"24":0,"25":0,"26":0,"27":0,"28":0,"29":0,"30":0,"31":0,"32":0,"33":0,"34":0,"35":0,"36":0,"37":0},"f":{"0":0,"1":0,"2":0,"3":0,"4":0,"5":0,"6":0,"7":0,"8":0,"9":0,"10":0,"11":0,"12":0,"13":0,"14":0},"b":{"0":[0,0,0],"1":[0,0],"2":[0,0],"3":[0,0],"4":[0,0],"5":[0,0],"6":[0,0],"7":[0,0],"8":[0,0],"9":[0,0],"10":[0,0],"11":[0,0],"12":[0,0],"13":[0,0,0],"14":[0,0]},"hash":"97f982ca5ce6c18a2aeb40099fa7d8b937ba9399"}
,"/home/hanuz06/Desktop/LHL-tasks/team-peppermint/client/src/types.js": {"path":"/home/hanuz06/Desktop/LHL-tasks/team-peppermint/client/src/types.js","statementMap":{"0":{"start":{"line":1,"column":42},"end":{"line":1,"column":70}},"1":{"start":{"line":2,"column":30},"end":{"line":2,"column":46}},"2":{"start":{"line":3,"column":34},"end":{"line":3,"column":54}},"3":{"start":{"line":4,"column":31},"end":{"line":4,"column":48}},"4":{"start":{"line":5,"column":31},"end":{"line":5,"column":48}},"5":{"start":{"line":6,"column":33},"end":{"line":6,"column":52}},"6":{"start":{"line":7,"column":29},"end":{"line":7,"column":44}},"7":{"start":{"line":8,"column":27},"end":{"line":8,"column":40}},"8":{"start":{"line":9,"column":35},"end":{"line":9,"column":56}},"9":{"start":{"line":10,"column":36},"end":{"line":10,"column":58}},"10":{"start":{"line":11,"column":35},"end":{"line":11,"column":56}},"11":{"start":{"line":12,"column":31},"end":{"line":12,"column":48}}},"fnMap":{},"branchMap":{},"s":{"0":1,"1":1,"2":1,"3":1,"4":1,"5":1,"6":1,"7":1,"8":1,"9":1,"10":1,"11":1},"f":{},"b":{},"_coverageSchema":"43e27e138ebf9cfc5966b082cf9a028302ed4184","hash":"312850f981b685e67739c216ea21496448656ba7"}
,"/home/hanuz06/Desktop/LHL-tasks/team-peppermint/client/src/components/AddPhotoButton/index.js": {"path":"/home/hanuz06/Desktop/LHL-tasks/team-peppermint/client/src/components/AddPhotoButton/index.js","statementMap":{"0":{"start":{"line":5,"column":23},"end":{"line":34,"column":1}},"1":{"start":{"line":12,"column":2},"end":{"line":33,"column":4}}},"fnMap":{"0":{"name":"(anonymous_0)","decl":{"start":{"line":5,"column":23},"end":{"line":5,"column":24}},"loc":{"start":{"line":11,"column":6},"end":{"line":34,"column":1}},"line":11}},"branchMap":{"0":{"loc":{"start":{"line":19,"column":22},"end":{"line":19,"column":49}},"type":"cond-expr","locations":[{"start":{"line":19,"column":37},"end":{"line":19,"column":42}},{"start":{"line":19,"column":45},"end":{"line":19,"column":49}}],"line":19}},"s":{"0":1,"1":0},"f":{"0":0},"b":{"0":[0,0]},"_coverageSchema":"43e27e138ebf9cfc5966b082cf9a028302ed4184","hash":"f6327f1a06586e05d819ca72d47067cc006c34a6"}
,"/home/hanuz06/Desktop/LHL-tasks/team-peppermint/client/src/components/ChatItem/index.js": {"path":"/home/hanuz06/Desktop/LHL-tasks/team-peppermint/client/src/components/ChatItem/index.js","statementMap":{"0":{"start":{"line":15,"column":17},"end":{"line":121,"column":1}},"1":{"start":{"line":16,"column":18},"end":{"line":16,"column":29}},"2":{"start":{"line":17,"column":19},"end":{"line":17,"column":33}},"3":{"start":{"line":19,"column":19},"end":{"line":19,"column":40}},"4":{"start":{"line":20,"column":37},"end":{"line":20,"column":55}},"5":{"start":{"line":30,"column":6},"end":{"line":30,"column":11}},"6":{"start":{"line":31,"column":16},"end":{"line":31,"column":74}},"7":{"start":{"line":31,"column":53},"end":{"line":31,"column":73}},"8":{"start":{"line":32,"column":32},"end":{"line":32,"column":58}},"9":{"start":{"line":33,"column":18},"end":{"line":33,"column":48}},"10":{"start":{"line":34,"column":36},"end":{"line":34,"column":46}},"11":{"start":{"line":35,"column":32},"end":{"line":35,"column":44}},"12":{"start":{"line":37,"column":22},"end":{"line":40,"column":3}},"13":{"start":{"line":38,"column":4},"end":{"line":38,"column":25}},"14":{"start":{"line":39,"column":4},"end":{"line":39,"column":57}},"15":{"start":{"line":41,"column":2},"end":{"line":50,"column":58}},"16":{"start":{"line":42,"column":4},"end":{"line":49,"column":8}},"17":{"start":{"line":43,"column":6},"end":{"line":49,"column":8}},"18":{"start":{"line":51,"column":2},"end":{"line":64,"column":74}},"19":{"start":{"line":52,"column":16},"end":{"line":52,"column":21}},"20":{"start":{"line":53,"column":4},"end":{"line":60,"column":5}},"21":{"start":{"line":54,"column":6},"end":{"line":59,"column":9}},"22":{"start":{"line":55,"column":8},"end":{"line":58,"column":9}},"23":{"start":{"line":56,"column":10},"end":{"line":56,"column":55}},"24":{"start":{"line":57,"column":10},"end":{"line":57,"column":23}},"25":{"start":{"line":61,"column":4},"end":{"line":63,"column":5}},"26":{"start":{"line":62,"column":6},"end":{"line":62,"column":56}},"27":{"start":{"line":65,"column":2},"end":{"line":75,"column":25}},"28":{"start":{"line":66,"column":4},"end":{"line":74,"column":8}},"29":{"start":{"line":70,"column":12},"end":{"line":70,"column":66}},"30":{"start":{"line":70,"column":34},"end":{"line":70,"column":66}},"31":{"start":{"line":71,"column":12},"end":{"line":71,"column":23}},"32":{"start":{"line":76,"column":2},"end":{"line":120,"column":4}},"33":{"start":{"line":125,"column":0},"end":{"line":131,"column":2}}},"fnMap":{"0":{"name":"(anonymous_0)","decl":{"start":{"line":15,"column":17},"end":{"line":15,"column":18}},"loc":{"start":{"line":15,"column":28},"end":{"line":121,"column":1}},"line":15},"1":{"name":"(anonymous_1)","decl":{"start":{"line":31,"column":42},"end":{"line":31,"column":43}},"loc":{"start":{"line":31,"column":53},"end":{"line":31,"column":73}},"line":31},"2":{"name":"(anonymous_2)","decl":{"start":{"line":37,"column":22},"end":{"line":37,"column":23}},"loc":{"start":{"line":37,"column":33},"end":{"line":40,"column":3}},"line":37},"3":{"name":"(anonymous_3)","decl":{"start":{"line":41,"column":12},"end":{"line":41,"column":13}},"loc":{"start":{"line":41,"column":18},"end":{"line":50,"column":3}},"line":41},"4":{"name":"(anonymous_4)","decl":{"start":{"line":51,"column":12},"end":{"line":51,"column":13}},"loc":{"start":{"line":51,"column":18},"end":{"line":64,"column":3}},"line":51},"5":{"name":"(anonymous_5)","decl":{"start":{"line":54,"column":20},"end":{"line":54,"column":21}},"loc":{"start":{"line":54,"column":31},"end":{"line":59,"column":7}},"line":54},"6":{"name":"(anonymous_6)","decl":{"start":{"line":65,"column":12},"end":{"line":65,"column":13}},"loc":{"start":{"line":65,"column":18},"end":{"line":75,"column":3}},"line":65},"7":{"name":"(anonymous_7)","decl":{"start":{"line":69,"column":18},"end":{"line":69,"column":19}},"loc":{"start":{"line":69,"column":34},"end":{"line":72,"column":11}},"line":69}},"branchMap":{"0":{"loc":{"start":{"line":42,"column":4},"end":{"line":49,"column":8}},"type":"if","locations":[{"start":{"line":42,"column":4},"end":{"line":49,"column":8}},{"start":{"line":42,"column":4},"end":{"line":49,"column":8}}],"line":42},"1":{"loc":{"start":{"line":45,"column":10},"end":{"line":47,"column":27}},"type":"cond-expr","locations":[{"start":{"line":46,"column":14},"end":{"line":46,"column":41}},{"start":{"line":47,"column":14},"end":{"line":47,"column":27}}],"line":45},"2":{"loc":{"start":{"line":53,"column":4},"end":{"line":60,"column":5}},"type":"if","locations":[{"start":{"line":53,"column":4},"end":{"line":60,"column":5}},{"start":{"line":53,"column":4},"end":{"line":60,"column":5}}],"line":53},"3":{"loc":{"start":{"line":55,"column":8},"end":{"line":58,"column":9}},"type":"if","locations":[{"start":{"line":55,"column":8},"end":{"line":58,"column":9}},{"start":{"line":55,"column":8},"end":{"line":58,"column":9}}],"line":55},"4":{"loc":{"start":{"line":55,"column":12},"end":{"line":55,"column":76}},"type":"binary-expr","locations":[{"start":{"line":55,"column":12},"end":{"line":55,"column":28}},{"start":{"line":55,"column":32},"end":{"line":55,"column":52}},{"start":{"line":55,"column":56},"end":{"line":55,"column":76}}],"line":55},"5":{"loc":{"start":{"line":61,"column":4},"end":{"line":63,"column":5}},"type":"if","locations":[{"start":{"line":61,"column":4},"end":{"line":63,"column":5}},{"start":{"line":61,"column":4},"end":{"line":63,"column":5}}],"line":61},"6":{"loc":{"start":{"line":66,"column":4},"end":{"line":74,"column":7}},"type":"binary-expr","locations":[{"start":{"line":66,"column":4},"end":{"line":66,"column":33}},{"start":{"line":67,"column":6},"end":{"line":74,"column":7}}],"line":66},"7":{"loc":{"start":{"line":70,"column":12},"end":{"line":70,"column":66}},"type":"if","locations":[{"start":{"line":70,"column":12},"end":{"line":70,"column":66}},{"start":{"line":70,"column":12},"end":{"line":70,"column":66}}],"line":70},"8":{"loc":{"start":{"line":84,"column":9},"end":{"line":94,"column":9}},"type":"binary-expr","locations":[{"start":{"line":84,"column":9},"end":{"line":84,"column":27}},{"start":{"line":85,"column":10},"end":{"line":93,"column":12}}],"line":84},"9":{"loc":{"start":{"line":87,"column":14},"end":{"line":88,"column":44}},"type":"binary-expr","locations":[{"start":{"line":87,"column":14},"end":{"line":87,"column":47}},{"start":{"line":88,"column":14},"end":{"line":88,"column":44}}],"line":87},"10":{"loc":{"start":{"line":91,"column":14},"end":{"line":91,"column":79}},"type":"binary-expr","locations":[{"start":{"line":91,"column":14},"end":{"line":91,"column":47}},{"start":{"line":91,"column":51},"end":{"line":91,"column":79}}],"line":91}},"s":{"0":1,"1":0,"2":0,"3":0,"4":0,"5":0,"6":0,"7":0,"8":0,"9":0,"10":0,"11":0,"12":0,"13":0,"14":0,"15":0,"16":0,"17":0,"18":0,"19":0,"20":0,"21":0,"22":0,"23":0,"24":0,"25":0,"26":0,"27":0,"28":0,"29":0,"30":0,"31":0,"32":0,"33":1},"f":{"0":0,"1":0,"2":0,"3":0,"4":0,"5":0,"6":0,"7":0},"b":{"0":[0,0],"1":[0,0],"2":[0,0],"3":[0,0],"4":[0,0,0],"5":[0,0],"6":[0,0],"7":[0,0],"8":[0,0],"9":[0,0],"10":[0,0]},"_coverageSchema":"43e27e138ebf9cfc5966b082cf9a028302ed4184","hash":"60ab0fe9f3554415030b2bd00ecb3bf6425179d9"}
,"/home/hanuz06/Desktop/LHL-tasks/team-peppermint/client/src/components/ChatItem/style.js": {"path":"/home/hanuz06/Desktop/LHL-tasks/team-peppermint/client/src/components/ChatItem/style.js","statementMap":{"0":{"start":{"line":3,"column":25},"end":{"line":38,"column":3}},"1":{"start":{"line":3,"column":48},"end":{"line":38,"column":1}}},"fnMap":{"0":{"name":"(anonymous_0)","decl":{"start":{"line":3,"column":36},"end":{"line":3,"column":37}},"loc":{"start":{"line":3,"column":48},"end":{"line":38,"column":1}},"line":3}},"branchMap":{},"s":{"0":1,"1":0},"f":{"0":0},"b":{},"_coverageSchema":"43e27e138ebf9cfc5966b082cf9a028302ed4184","hash":"3505cd333c3e800df2a479b6e7e6c766b64f9937"}
,"/home/hanuz06/Desktop/LHL-tasks/team-peppermint/client/src/components/ContactItem/index.js": {"path":"/home/hanuz06/Desktop/LHL-tasks/team-peppermint/client/src/components/ContactItem/index.js","statementMap":{"0":{"start":{"line":15,"column":20},"end":{"line":82,"column":1}},"1":{"start":{"line":26,"column":34},"end":{"line":26,"column":48}},"2":{"start":{"line":28,"column":18},"end":{"line":28,"column":48}},"3":{"start":{"line":29,"column":18},"end":{"line":29,"column":29}},"4":{"start":{"line":30,"column":25},"end":{"line":33,"column":3}},"5":{"start":{"line":31,"column":4},"end":{"line":31,"column":24}},"6":{"start":{"line":32,"column":4},"end":{"line":32,"column":51}},"7":{"start":{"line":34,"column":22},"end":{"line":36,"column":3}},"8":{"start":{"line":35,"column":4},"end":{"line":35,"column":37}},"9":{"start":{"line":38,"column":22},"end":{"line":40,"column":3}},"10":{"start":{"line":39,"column":4},"end":{"line":39,"column":22}},"11":{"start":{"line":42,"column":2},"end":{"line":81,"column":4}},"12":{"start":{"line":76,"column":33},"end":{"line":76,"column":65}},"13":{"start":{"line":86,"column":0},"end":{"line":91,"column":2}}},"fnMap":{"0":{"name":"(anonymous_0)","decl":{"start":{"line":15,"column":20},"end":{"line":15,"column":21}},"loc":{"start":{"line":25,"column":6},"end":{"line":82,"column":1}},"line":25},"1":{"name":"(anonymous_1)","decl":{"start":{"line":30,"column":25},"end":{"line":30,"column":26}},"loc":{"start":{"line":30,"column":36},"end":{"line":33,"column":3}},"line":30},"2":{"name":"(anonymous_2)","decl":{"start":{"line":34,"column":22},"end":{"line":34,"column":23}},"loc":{"start":{"line":34,"column":33},"end":{"line":36,"column":3}},"line":34},"3":{"name":"(anonymous_3)","decl":{"start":{"line":38,"column":22},"end":{"line":38,"column":23}},"loc":{"start":{"line":38,"column":28},"end":{"line":40,"column":3}},"line":38},"4":{"name":"(anonymous_4)","decl":{"start":{"line":76,"column":27},"end":{"line":76,"column":28}},"loc":{"start":{"line":76,"column":33},"end":{"line":76,"column":65}},"line":76}},"branchMap":{},"s":{"0":1,"1":0,"2":0,"3":0,"4":0,"5":0,"6":0,"7":0,"8":0,"9":0,"10":0,"11":0,"12":0,"13":1},"f":{"0":0,"1":0,"2":0,"3":0,"4":0},"b":{},"_coverageSchema":"43e27e138ebf9cfc5966b082cf9a028302ed4184","hash":"ba8cde0f6c9a046a6e8c36ea0f31e5f641c160c5"}
,"/home/hanuz06/Desktop/LHL-tasks/team-peppermint/client/src/components/ContactItem/style.js": {"path":"/home/hanuz06/Desktop/LHL-tasks/team-peppermint/client/src/components/ContactItem/style.js","statementMap":{"0":{"start":{"line":3,"column":25},"end":{"line":45,"column":3}},"1":{"start":{"line":3,"column":48},"end":{"line":45,"column":1}}},"fnMap":{"0":{"name":"(anonymous_0)","decl":{"start":{"line":3,"column":36},"end":{"line":3,"column":37}},"loc":{"start":{"line":3,"column":48},"end":{"line":45,"column":1}},"line":3}},"branchMap":{},"s":{"0":1,"1":0},"f":{"0":0},"b":{},"_coverageSchema":"43e27e138ebf9cfc5966b082cf9a028302ed4184","hash":"3c33b1651c648ea83ffa6ac3ef2d50df92a2bc09"}
,"/home/hanuz06/Desktop/LHL-tasks/team-peppermint/client/src/components/CreateGroupChat/index.js": {"path":"/home/hanuz06/Desktop/LHL-tasks/team-peppermint/client/src/components/CreateGroupChat/index.js","statementMap":{"0":{"start":{"line":16,"column":24},"end":{"line":88,"column":1}},"1":{"start":{"line":17,"column":19},"end":{"line":17,"column":33}},"2":{"start":{"line":18,"column":42},"end":{"line":18,"column":54}},"3":{"start":{"line":19,"column":19},"end":{"line":19,"column":45}},"4":{"start":{"line":20,"column":23},"end":{"line":25,"column":3}},"5":{"start":{"line":21,"column":4},"end":{"line":24,"column":7}},"6":{"start":{"line":27,"column":29},"end":{"line":46,"column":3}},"7":{"start":{"line":28,"column":16},"end":{"line":34,"column":10}},"8":{"start":{"line":29,"column":6},"end":{"line":32,"column":7}},"9":{"start":{"line":30,"column":8},"end":{"line":30,"column":71}},"10":{"start":{"line":30,"column":38},"end":{"line":30,"column":69}},"11":{"start":{"line":31,"column":8},"end":{"line":31,"column":25}},"12":{"start":{"line":33,"column":6},"end":{"line":33,"column":20}},"13":{"start":{"line":35,"column":4},"end":{"line":45,"column":8}},"14":{"start":{"line":37,"column":8},"end":{"line":37,"column":49}},"15":{"start":{"line":38,"column":8},"end":{"line":38,"column":17}},"16":{"start":{"line":41,"column":8},"end":{"line":44,"column":9}},"17":{"start":{"line":42,"column":10},"end":{"line":42,"column":38}},"18":{"start":{"line":43,"column":10},"end":{"line":43,"column":20}},"19":{"start":{"line":47,"column":2},"end":{"line":54,"column":21}},"20":{"start":{"line":48,"column":4},"end":{"line":53,"column":7}},"21":{"start":{"line":49,"column":6},"end":{"line":52,"column":10}},"22":{"start":{"line":49,"column":38},"end":{"line":52,"column":7}},"23":{"start":{"line":56,"column":2},"end":{"line":87,"column":4}},"24":{"start":{"line":63,"column":14},"end":{"line":74,"column":16}}},"fnMap":{"0":{"name":"(anonymous_0)","decl":{"start":{"line":16,"column":24},"end":{"line":16,"column":25}},"loc":{"start":{"line":16,"column":61},"end":{"line":88,"column":1}},"line":16},"1":{"name":"(anonymous_1)","decl":{"start":{"line":20,"column":23},"end":{"line":20,"column":24}},"loc":{"start":{"line":20,"column":34},"end":{"line":25,"column":3}},"line":20},"2":{"name":"(anonymous_2)","decl":{"start":{"line":27,"column":29},"end":{"line":27,"column":30}},"loc":{"start":{"line":27,"column":35},"end":{"line":46,"column":3}},"line":27},"3":{"name":"(anonymous_3)","decl":{"start":{"line":28,"column":52},"end":{"line":28,"column":53}},"loc":{"start":{"line":28,"column":77},"end":{"line":34,"column":5}},"line":28},"4":{"name":"(anonymous_4)","decl":{"start":{"line":30,"column":24},"end":{"line":30,"column":25}},"loc":{"start":{"line":30,"column":38},"end":{"line":30,"column":69}},"line":30},"5":{"name":"(anonymous_5)","decl":{"start":{"line":36,"column":12},"end":{"line":36,"column":13}},"loc":{"start":{"line":36,"column":21},"end":{"line":39,"column":7}},"line":36},"6":{"name":"(anonymous_6)","decl":{"start":{"line":40,"column":13},"end":{"line":40,"column":14}},"loc":{"start":{"line":40,"column":22},"end":{"line":45,"column":7}},"line":40},"7":{"name":"(anonymous_7)","decl":{"start":{"line":47,"column":12},"end":{"line":47,"column":13}},"loc":{"start":{"line":47,"column":18},"end":{"line":54,"column":3}},"line":47},"8":{"name":"(anonymous_8)","decl":{"start":{"line":48,"column":38},"end":{"line":48,"column":39}},"loc":{"start":{"line":48,"column":51},"end":{"line":53,"column":5}},"line":48},"9":{"name":"(anonymous_9)","decl":{"start":{"line":49,"column":22},"end":{"line":49,"column":23}},"loc":{"start":{"line":49,"column":38},"end":{"line":52,"column":7}},"line":49},"10":{"name":"(anonymous_10)","decl":{"start":{"line":62,"column":42},"end":{"line":62,"column":43}},"loc":{"start":{"line":63,"column":14},"end":{"line":74,"column":16}},"line":63}},"branchMap":{"0":{"loc":{"start":{"line":29,"column":6},"end":{"line":32,"column":7}},"type":"if","locations":[{"start":{"line":29,"column":6},"end":{"line":32,"column":7}},{"start":{"line":29,"column":6},"end":{"line":32,"column":7}}],"line":29},"1":{"loc":{"start":{"line":41,"column":8},"end":{"line":44,"column":9}},"type":"if","locations":[{"start":{"line":41,"column":8},"end":{"line":44,"column":9}},{"start":{"line":41,"column":8},"end":{"line":44,"column":9}}],"line":41},"2":{"loc":{"start":{"line":61,"column":11},"end":{"line":75,"column":14}},"type":"binary-expr","locations":[{"start":{"line":61,"column":11},"end":{"line":61,"column":45}},{"start":{"line":62,"column":12},"end":{"line":75,"column":14}}],"line":61}},"s":{"0":1,"1":0,"2":0,"3":0,"4":0,"5":0,"6":0,"7":0,"8":0,"9":0,"10":0,"11":0,"12":0,"13":0,"14":0,"15":0,"16":0,"17":0,"18":0,"19":0,"20":0,"21":0,"22":0,"23":0,"24":0},"f":{"0":0,"1":0,"2":0,"3":0,"4":0,"5":0,"6":0,"7":0,"8":0,"9":0,"10":0},"b":{"0":[0,0],"1":[0,0],"2":[0,0]},"_coverageSchema":"43e27e138ebf9cfc5966b082cf9a028302ed4184","hash":"6ed6d5eae4c21d03190ad4d8fb2d8060d936d585"}
,"/home/hanuz06/Desktop/LHL-tasks/team-peppermint/client/src/components/EmojiButton/index.js": {"path":"/home/hanuz06/Desktop/LHL-tasks/team-peppermint/client/src/components/EmojiButton/index.js","statementMap":{"0":{"start":{"line":6,"column":20},"end":{"line":46,"column":1}},"1":{"start":{"line":7,"column":34},"end":{"line":7,"column":48}},"2":{"start":{"line":8,"column":27},"end":{"line":10,"column":3}},"3":{"start":{"line":9,"column":4},"end":{"line":9,"column":33}},"4":{"start":{"line":11,"column":22},"end":{"line":13,"column":3}},"5":{"start":{"line":12,"column":4},"end":{"line":12,"column":22}},"6":{"start":{"line":14,"column":2},"end":{"line":45,"column":4}},"7":{"start":{"line":39,"column":31},"end":{"line":39,"column":71}}},"fnMap":{"0":{"name":"(anonymous_0)","decl":{"start":{"line":6,"column":20},"end":{"line":6,"column":21}},"loc":{"start":{"line":6,"column":63},"end":{"line":46,"column":1}},"line":6},"1":{"name":"(anonymous_1)","decl":{"start":{"line":8,"column":27},"end":{"line":8,"column":28}},"loc":{"start":{"line":8,"column":34},"end":{"line":10,"column":3}},"line":8},"2":{"name":"(anonymous_2)","decl":{"start":{"line":11,"column":22},"end":{"line":11,"column":23}},"loc":{"start":{"line":11,"column":28},"end":{"line":13,"column":3}},"line":11},"3":{"name":"(anonymous_3)","decl":{"start":{"line":39,"column":20},"end":{"line":39,"column":21}},"loc":{"start":{"line":39,"column":31},"end":{"line":39,"column":71}},"line":39}},"branchMap":{"0":{"loc":{"start":{"line":22,"column":22},"end":{"line":22,"column":49}},"type":"cond-expr","locations":[{"start":{"line":22,"column":37},"end":{"line":22,"column":42}},{"start":{"line":22,"column":45},"end":{"line":22,"column":49}}],"line":22}},"s":{"0":2,"1":1,"2":1,"3":0,"4":1,"5":0,"6":1,"7":0},"f":{"0":1,"1":0,"2":0,"3":0},"b":{"0":[0,1]},"_coverageSchema":"43e27e138ebf9cfc5966b082cf9a028302ed4184","hash":"96b290940410c652e5044b9fb155c3034eb5b343"}
,"/home/hanuz06/Desktop/LHL-tasks/team-peppermint/client/src/components/EmojiButton/style.js": {"path":"/home/hanuz06/Desktop/LHL-tasks/team-peppermint/client/src/components/EmojiButton/style.js","statementMap":{"0":{"start":{"line":4,"column":26},"end":{"line":22,"column":2}},"1":{"start":{"line":9,"column":4},"end":{"line":21,"column":6}}},"fnMap":{"0":{"name":"(anonymous_0)","decl":{"start":{"line":8,"column":3},"end":{"line":8,"column":4}},"loc":{"start":{"line":9,"column":4},"end":{"line":21,"column":6}},"line":9}},"branchMap":{},"s":{"0":2,"1":0},"f":{"0":0},"b":{},"_coverageSchema":"43e27e138ebf9cfc5966b082cf9a028302ed4184","hash":"564bf8c57964ed197389682d26c1dbdf428e4e0e"}
,"/home/hanuz06/Desktop/LHL-tasks/team-peppermint/client/src/components/ImageInputView/index.js": {"path":"/home/hanuz06/Desktop/LHL-tasks/team-peppermint/client/src/components/ImageInputView/index.js","statementMap":{"0":{"start":{"line":4,"column":23},"end":{"line":35,"column":1}},"1":{"start":{"line":5,"column":4},"end":{"line":34,"column":5}}},"fnMap":{"0":{"name":"(anonymous_0)","decl":{"start":{"line":4,"column":23},"end":{"line":4,"column":24}},"loc":{"start":{"line":4,"column":52},"end":{"line":35,"column":1}},"line":4}},"branchMap":{},"s":{"0":1,"1":0},"f":{"0":0},"b":{},"_coverageSchema":"43e27e138ebf9cfc5966b082cf9a028302ed4184","hash":"c272bae6bd244fa6323972aab56d7c6164fb2e44"}
,"/home/hanuz06/Desktop/LHL-tasks/team-peppermint/client/src/components/InvitationItem/index.js": {"path":"/home/hanuz06/Desktop/LHL-tasks/team-peppermint/client/src/components/InvitationItem/index.js","statementMap":{"0":{"start":{"line":7,"column":23},"end":{"line":41,"column":1}},"1":{"start":{"line":12,"column":20},"end":{"line":12,"column":41}},"2":{"start":{"line":13,"column":18},"end":{"line":13,"column":29}},"3":{"start":{"line":15,"column":2},"end":{"line":40,"column":4}},"4":{"start":{"line":25,"column":25},"end":{"line":25,"column":52}},"5":{"start":{"line":34,"column":25},"end":{"line":34,"column":51}},"6":{"start":{"line":45,"column":0},"end":{"line":50,"column":2}}},"fnMap":{"0":{"name":"(anonymous_0)","decl":{"start":{"line":7,"column":23},"end":{"line":7,"column":24}},"loc":{"start":{"line":11,"column":6},"end":{"line":41,"column":1}},"line":11},"1":{"name":"(anonymous_1)","decl":{"start":{"line":25,"column":19},"end":{"line":25,"column":20}},"loc":{"start":{"line":25,"column":25},"end":{"line":25,"column":52}},"line":25},"2":{"name":"(anonymous_2)","decl":{"start":{"line":34,"column":19},"end":{"line":34,"column":20}},"loc":{"start":{"line":34,"column":25},"end":{"line":34,"column":51}},"line":34}},"branchMap":{"0":{"loc":{"start":{"line":23,"column":16},"end":{"line":23,"column":48}},"type":"cond-expr","locations":[{"start":{"line":23,"column":30},"end":{"line":23,"column":37}},{"start":{"line":23,"column":40},"end":{"line":23,"column":48}}],"line":23},"1":{"loc":{"start":{"line":31,"column":16},"end":{"line":31,"column":48}},"type":"cond-expr","locations":[{"start":{"line":31,"column":30},"end":{"line":31,"column":37}},{"start":{"line":31,"column":40},"end":{"line":31,"column":48}}],"line":31}},"s":{"0":1,"1":0,"2":0,"3":0,"4":0,"5":0,"6":1},"f":{"0":0,"1":0,"2":0},"b":{"0":[0,0],"1":[0,0]},"_coverageSchema":"43e27e138ebf9cfc5966b082cf9a028302ed4184","hash":"641aac446865fc22df260c865dc0404e0f0a6ca8"}
,"/home/hanuz06/Desktop/LHL-tasks/team-peppermint/client/src/components/InvitationItem/style.js": {"path":"/home/hanuz06/Desktop/LHL-tasks/team-peppermint/client/src/components/InvitationItem/style.js","statementMap":{"0":{"start":{"line":3,"column":25},"end":{"line":31,"column":3}},"1":{"start":{"line":3,"column":48},"end":{"line":31,"column":1}}},"fnMap":{"0":{"name":"(anonymous_0)","decl":{"start":{"line":3,"column":36},"end":{"line":3,"column":37}},"loc":{"start":{"line":3,"column":48},"end":{"line":31,"column":1}},"line":3}},"branchMap":{},"s":{"0":1,"1":0},"f":{"0":0},"b":{},"_coverageSchema":"43e27e138ebf9cfc5966b082cf9a028302ed4184","hash":"f4f175f72ed1b5117a736c1c065ba5f28202d295"}
,"/home/hanuz06/Desktop/LHL-tasks/team-peppermint/client/src/components/MessageItem/style.js": {"path":"/home/hanuz06/Desktop/LHL-tasks/team-peppermint/client/src/components/MessageItem/style.js","statementMap":{"0":{"start":{"line":3,"column":25},"end":{"line":54,"column":3}},"1":{"start":{"line":3,"column":48},"end":{"line":54,"column":1}}},"fnMap":{"0":{"name":"(anonymous_0)","decl":{"start":{"line":3,"column":36},"end":{"line":3,"column":37}},"loc":{"start":{"line":3,"column":48},"end":{"line":54,"column":1}},"line":3}},"branchMap":{},"s":{"0":1,"1":0},"f":{"0":0},"b":{},"_coverageSchema":"43e27e138ebf9cfc5966b082cf9a028302ed4184","hash":"269c1ce678033b7313057da03742dbaef0ec3468"}
,"/home/hanuz06/Desktop/LHL-tasks/team-peppermint/client/src/components/PictureModal/index.js": {"path":"/home/hanuz06/Desktop/LHL-tasks/team-peppermint/client/src/components/PictureModal/index.js","statementMap":{"0":{"start":{"line":6,"column":21},"end":{"line":31,"column":1}},"1":{"start":{"line":7,"column":18},"end":{"line":7,"column":29}},"2":{"start":{"line":9,"column":2},"end":{"line":30,"column":4}},"3":{"start":{"line":35,"column":0},"end":{"line":39,"column":2}}},"fnMap":{"0":{"name":"(anonymous_0)","decl":{"start":{"line":6,"column":21},"end":{"line":6,"column":22}},"loc":{"start":{"line":6,"column":58},"end":{"line":31,"column":1}},"line":6}},"branchMap":{"0":{"loc":{"start":{"line":24,"column":15},"end":{"line":24,"column":25}},"type":"binary-expr","locations":[{"start":{"line":24,"column":15},"end":{"line":24,"column":18}},{"start":{"line":24,"column":22},"end":{"line":24,"column":25}}],"line":24}},"s":{"0":1,"1":0,"2":0,"3":1},"f":{"0":0},"b":{"0":[0,0]},"_coverageSchema":"43e27e138ebf9cfc5966b082cf9a028302ed4184","hash":"6c8be37f8a04ffc72353b35935d08f9c49a7294f"}
,"/home/hanuz06/Desktop/LHL-tasks/team-peppermint/client/src/components/PictureModal/style.js": {"path":"/home/hanuz06/Desktop/LHL-tasks/team-peppermint/client/src/components/PictureModal/style.js","statementMap":{"0":{"start":{"line":3,"column":25},"end":{"line":16,"column":3}},"1":{"start":{"line":3,"column":48},"end":{"line":16,"column":1}}},"fnMap":{"0":{"name":"(anonymous_0)","decl":{"start":{"line":3,"column":36},"end":{"line":3,"column":37}},"loc":{"start":{"line":3,"column":48},"end":{"line":16,"column":1}},"line":3}},"branchMap":{},"s":{"0":1,"1":0},"f":{"0":0},"b":{},"_coverageSchema":"43e27e138ebf9cfc5966b082cf9a028302ed4184","hash":"584b5acc750a84f8a99aae696fbd9a7c37b2b3c9"}
,"/home/hanuz06/Desktop/LHL-tasks/team-peppermint/client/src/components/UserAvatar/index.js": {"path":"/home/hanuz06/Desktop/LHL-tasks/team-peppermint/client/src/components/UserAvatar/index.js","statementMap":{"0":{"start":{"line":7,"column":19},"end":{"line":60,"column":1}},"1":{"start":{"line":8,"column":18},"end":{"line":8,"column":29}},"2":{"start":{"line":9,"column":20},"end":{"line":9,"column":22}},"3":{"start":{"line":11,"column":2},"end":{"line":19,"column":3}},"4":{"start":{"line":16,"column":4},"end":{"line":16,"column":31}},"5":{"start":{"line":18,"column":4},"end":{"line":18,"column":25}},"6":{"start":{"line":21,"column":2},"end":{"line":59,"column":4}},"7":{"start":{"line":64,"column":0},"end":{"line":73,"column":2}}},"fnMap":{"0":{"name":"(anonymous_0)","decl":{"start":{"line":7,"column":19},"end":{"line":7,"column":20}},"loc":{"start":{"line":7,"column":47},"end":{"line":60,"column":1}},"line":7}},"branchMap":{"0":{"loc":{"start":{"line":11,"column":2},"end":{"line":19,"column":3}},"type":"if","locations":[{"start":{"line":11,"column":2},"end":{"line":19,"column":3}},{"start":{"line":11,"column":2},"end":{"line":19,"column":3}}],"line":11},"1":{"loc":{"start":{"line":12,"column":4},"end":{"line":14,"column":33}},"type":"binary-expr","locations":[{"start":{"line":12,"column":4},"end":{"line":12,"column":26}},{"start":{"line":13,"column":4},"end":{"line":13,"column":30}},{"start":{"line":14,"column":4},"end":{"line":14,"column":33}}],"line":12},"2":{"loc":{"start":{"line":23,"column":7},"end":{"line":57,"column":7}},"type":"cond-expr","locations":[{"start":{"line":24,"column":8},"end":{"line":39,"column":22}},{"start":{"line":41,"column":8},"end":{"line":56,"column":23}}],"line":23}},"s":{"0":2,"1":1,"2":1,"3":1,"4":1,"5":0,"6":1,"7":2},"f":{"0":1},"b":{"0":[1,0],"1":[1,1,1],"2":[1,0]},"_coverageSchema":"43e27e138ebf9cfc5966b082cf9a028302ed4184","hash":"2d23cddff3c4c68f3637cb0a812cfa64d0d71853"}
,"/home/hanuz06/Desktop/LHL-tasks/team-peppermint/client/src/components/UserAvatar/style.js": {"path":"/home/hanuz06/Desktop/LHL-tasks/team-peppermint/client/src/components/UserAvatar/style.js","statementMap":{"0":{"start":{"line":4,"column":28},"end":{"line":15,"column":10}},"1":{"start":{"line":4,"column":51},"end":{"line":15,"column":1}},"2":{"start":{"line":17,"column":27},"end":{"line":49,"column":10}},"3":{"start":{"line":17,"column":50},"end":{"line":49,"column":1}},"4":{"start":{"line":51,"column":25},"end":{"line":71,"column":3}},"5":{"start":{"line":51,"column":48},"end":{"line":71,"column":1}}},"fnMap":{"0":{"name":"(anonymous_0)","decl":{"start":{"line":4,"column":39},"end":{"line":4,"column":40}},"loc":{"start":{"line":4,"column":51},"end":{"line":15,"column":1}},"line":4},"1":{"name":"(anonymous_1)","decl":{"start":{"line":17,"column":38},"end":{"line":17,"column":39}},"loc":{"start":{"line":17,"column":50},"end":{"line":49,"column":1}},"line":17},"2":{"name":"(anonymous_2)","decl":{"start":{"line":51,"column":36},"end":{"line":51,"column":37}},"loc":{"start":{"line":51,"column":48},"end":{"line":71,"column":1}},"line":51}},"branchMap":{},"s":{"0":2,"1":0,"2":2,"3":0,"4":2,"5":1},"f":{"0":0,"1":0,"2":1},"b":{},"_coverageSchema":"43e27e138ebf9cfc5966b082cf9a028302ed4184","hash":"a9552930cea94ef2c120c0691987abffd1edd3bd"}
,"/home/hanuz06/Desktop/LHL-tasks/team-peppermint/client/src/components/bgImage/index.js": {"path":"/home/hanuz06/Desktop/LHL-tasks/team-peppermint/client/src/components/bgImage/index.js","statementMap":{"0":{"start":{"line":7,"column":18},"end":{"line":50,"column":2}},"1":{"start":{"line":53,"column":18},"end":{"line":53,"column":29}},"2":{"start":{"line":54,"column":2},"end":{"line":64,"column":4}}},"fnMap":{"0":{"name":"BackgroundImage","decl":{"start":{"line":52,"column":24},"end":{"line":52,"column":39}},"loc":{"start":{"line":52,"column":42},"end":{"line":65,"column":1}},"line":52}},"branchMap":{},"s":{"0":0,"1":0,"2":0},"f":{"0":0},"b":{},"hash":"347fd5848cb0bcd7654e4a608b39fa5e29a67091"}
,"/home/hanuz06/Desktop/LHL-tasks/team-peppermint/client/src/components/formPageHeader/index.js": {"path":"/home/hanuz06/Desktop/LHL-tasks/team-peppermint/client/src/components/formPageHeader/index.js","statementMap":{"0":{"start":{"line":6,"column":18},"end":{"line":36,"column":3}},"1":{"start":{"line":6,"column":41},"end":{"line":36,"column":1}},"2":{"start":{"line":39,"column":18},"end":{"line":39,"column":29}},"3":{"start":{"line":43,"column":4},"end":{"line":47,"column":5}},"4":{"start":{"line":44,"column":6},"end":{"line":44,"column":22}},"5":{"start":{"line":46,"column":6},"end":{"line":46,"column":23}},"6":{"start":{"line":49,"column":16},"end":{"line":49,"column":36}},"7":{"start":{"line":51,"column":2},"end":{"line":60,"column":4}}},"fnMap":{"0":{"name":"(anonymous_0)","decl":{"start":{"line":6,"column":29},"end":{"line":6,"column":30}},"loc":{"start":{"line":6,"column":41},"end":{"line":36,"column":1}},"line":6},"1":{"name":"FormPageHeader","decl":{"start":{"line":38,"column":24},"end":{"line":38,"column":38}},"loc":{"start":{"line":38,"column":69},"end":{"line":61,"column":1}},"line":38},"2":{"name":"checkNav","decl":{"start":{"line":42,"column":11},"end":{"line":42,"column":19}},"loc":{"start":{"line":42,"column":26},"end":{"line":48,"column":3}},"line":42}},"branchMap":{"0":{"loc":{"start":{"line":43,"column":4},"end":{"line":47,"column":5}},"type":"if","locations":[{"start":{"line":43,"column":4},"end":{"line":47,"column":5}},{"start":{"line":43,"column":4},"end":{"line":47,"column":5}}],"line":43}},"s":{"0":0,"1":0,"2":0,"3":0,"4":0,"5":0,"6":0,"7":0},"f":{"0":0,"1":0,"2":0},"b":{"0":[0,0]},"hash":"ac95ee5a848d413018b7ed764febf8762a84ec08"}
,"/home/hanuz06/Desktop/LHL-tasks/team-peppermint/client/src/components/userAuthForm/index.js": {"path":"/home/hanuz06/Desktop/LHL-tasks/team-peppermint/client/src/components/userAuthForm/index.js","statementMap":{"0":{"start":{"line":22,"column":19},"end":{"line":22,"column":40}},"1":{"start":{"line":24,"column":18},"end":{"line":24,"column":45}},"2":{"start":{"line":25,"column":17},"end":{"line":25,"column":37}},"3":{"start":{"line":27,"column":16},"end":{"line":27,"column":36}},"4":{"start":{"line":28,"column":17},"end":{"line":28,"column":55}},"5":{"start":{"line":30,"column":2},"end":{"line":30,"column":64}},"6":{"start":{"line":34,"column":18},"end":{"line":34,"column":29}},"7":{"start":{"line":35,"column":26},"end":{"line":35,"column":38}},"8":{"start":{"line":36,"column":28},"end":{"line":36,"column":40}},"9":{"start":{"line":37,"column":34},"end":{"line":37,"column":46}},"10":{"start":{"line":38,"column":34},"end":{"line":38,"column":46}},"11":{"start":{"line":39,"column":26},"end":{"line":39,"column":41}},"12":{"start":{"line":40,"column":32},"end":{"line":40,"column":47}},"13":{"start":{"line":41,"column":28},"end":{"line":41,"column":38}},"14":{"start":{"line":44,"column":19},"end":{"line":44,"column":36}},"15":{"start":{"line":45,"column":18},"end":{"line":45,"column":30}},"16":{"start":{"line":47,"column":32},"end":{"line":51,"column":4}},"17":{"start":{"line":52,"column":46},"end":{"line":52,"column":58}},"18":{"start":{"line":53,"column":48},"end":{"line":53,"column":60}},"19":{"start":{"line":54,"column":54},"end":{"line":54,"column":66}},"20":{"start":{"line":57,"column":2},"end":{"line":60,"column":3}},"21":{"start":{"line":58,"column":4},"end":{"line":58,"column":42}},"22":{"start":{"line":59,"column":4},"end":{"line":59,"column":22}},"23":{"start":{"line":64,"column":4},"end":{"line":75,"column":5}},"24":{"start":{"line":65,"column":6},"end":{"line":69,"column":8}},"25":{"start":{"line":71,"column":6},"end":{"line":74,"column":8}},"26":{"start":{"line":78,"column":21},"end":{"line":81,"column":3}},"27":{"start":{"line":78,"column":32},"end":{"line":81,"column":3}},"28":{"start":{"line":79,"column":4},"end":{"line":79,"column":25}},"29":{"start":{"line":80,"column":4},"end":{"line":80,"column":46}},"30":{"start":{"line":83,"column":25},"end":{"line":85,"column":3}},"31":{"start":{"line":84,"column":4},"end":{"line":84,"column":36}},"32":{"start":{"line":86,"column":21},"end":{"line":91,"column":3}},"33":{"start":{"line":87,"column":4},"end":{"line":87,"column":32}},"34":{"start":{"line":88,"column":4},"end":{"line":90,"column":5}},"35":{"start":{"line":89,"column":6},"end":{"line":89,"column":28}},"36":{"start":{"line":92,"column":22},"end":{"line":97,"column":3}},"37":{"start":{"line":93,"column":4},"end":{"line":93,"column":33}},"38":{"start":{"line":94,"column":4},"end":{"line":96,"column":5}},"39":{"start":{"line":95,"column":6},"end":{"line":95,"column":29}},"40":{"start":{"line":98,"column":25},"end":{"line":103,"column":3}},"41":{"start":{"line":99,"column":4},"end":{"line":99,"column":36}},"42":{"start":{"line":100,"column":4},"end":{"line":102,"column":5}},"43":{"start":{"line":101,"column":6},"end":{"line":101,"column":32}},"44":{"start":{"line":105,"column":17},"end":{"line":105,"column":53}},"45":{"start":{"line":106,"column":21},"end":{"line":106,"column":63}},"46":{"start":{"line":106,"column":53},"end":{"line":106,"column":62}},"47":{"start":{"line":109,"column":16},"end":{"line":109,"column":38}},"48":{"start":{"line":110,"column":4},"end":{"line":110,"column":35}},"49":{"start":{"line":111,"column":4},"end":{"line":111,"column":64}},"50":{"start":{"line":111,"column":21},"end":{"line":111,"column":64}},"51":{"start":{"line":112,"column":4},"end":{"line":112,"column":22}},"52":{"start":{"line":115,"column":4},"end":{"line":115,"column":65}},"53":{"start":{"line":115,"column":27},"end":{"line":115,"column":65}},"54":{"start":{"line":116,"column":4},"end":{"line":116,"column":27}},"55":{"start":{"line":119,"column":4},"end":{"line":119,"column":41}},"56":{"start":{"line":120,"column":4},"end":{"line":121,"column":74}},"57":{"start":{"line":121,"column":6},"end":{"line":121,"column":74}},"58":{"start":{"line":123,"column":4},"end":{"line":123,"column":25}},"59":{"start":{"line":128,"column":4},"end":{"line":128,"column":38}},"60":{"start":{"line":129,"column":4},"end":{"line":129,"column":43}},"61":{"start":{"line":131,"column":4},"end":{"line":131,"column":43}},"62":{"start":{"line":131,"column":20},"end":{"line":131,"column":43}},"63":{"start":{"line":132,"column":4},"end":{"line":132,"column":49}},"64":{"start":{"line":132,"column":23},"end":{"line":132,"column":49}},"65":{"start":{"line":133,"column":4},"end":{"line":136,"column":5}},"66":{"start":{"line":134,"column":6},"end":{"line":134,"column":37}},"67":{"start":{"line":135,"column":6},"end":{"line":135,"column":43}},"68":{"start":{"line":135,"column":21},"end":{"line":135,"column":43}},"69":{"start":{"line":138,"column":4},"end":{"line":142,"column":6}},"70":{"start":{"line":146,"column":4},"end":{"line":146,"column":16}},"71":{"start":{"line":147,"column":4},"end":{"line":147,"column":17}},"72":{"start":{"line":148,"column":4},"end":{"line":148,"column":20}},"73":{"start":{"line":149,"column":4},"end":{"line":149,"column":20}},"74":{"start":{"line":152,"column":23},"end":{"line":209,"column":3}},"75":{"start":{"line":153,"column":4},"end":{"line":153,"column":38}},"76":{"start":{"line":153,"column":15},"end":{"line":153,"column":38}},"77":{"start":{"line":154,"column":4},"end":{"line":154,"column":15}},"78":{"start":{"line":155,"column":4},"end":{"line":208,"column":5}},"79":{"start":{"line":158,"column":6},"end":{"line":204,"column":7}},"80":{"start":{"line":159,"column":8},"end":{"line":203,"column":9}},"81":{"start":{"line":163,"column":10},"end":{"line":163,"column":27}},"82":{"start":{"line":165,"column":26},"end":{"line":171,"column":11}},"83":{"start":{"line":172,"column":10},"end":{"line":172,"column":77}},"84":{"start":{"line":173,"column":27},"end":{"line":179,"column":11}},"85":{"start":{"line":180,"column":10},"end":{"line":180,"column":38}},"86":{"start":{"line":181,"column":10},"end":{"line":181,"column":73}},"87":{"start":{"line":182,"column":10},"end":{"line":182,"column":66}},"88":{"start":{"line":183,"column":10},"end":{"line":183,"column":24}},"89":{"start":{"line":184,"column":10},"end":{"line":184,"column":28}},"90":{"start":{"line":188,"column":10},"end":{"line":188,"column":27}},"91":{"start":{"line":190,"column":23},"end":{"line":193,"column":11}},"92":{"start":{"line":194,"column":27},"end":{"line":197,"column":11}},"93":{"start":{"line":198,"column":10},"end":{"line":198,"column":38}},"94":{"start":{"line":199,"column":10},"end":{"line":199,"column":73}},"95":{"start":{"line":200,"column":10},"end":{"line":200,"column":66}},"96":{"start":{"line":201,"column":10},"end":{"line":201,"column":24}},"97":{"start":{"line":202,"column":10},"end":{"line":202,"column":28}},"98":{"start":{"line":206,"column":6},"end":{"line":207,"column":28}},"99":{"start":{"line":206,"column":33},"end":{"line":206,"column":65}},"100":{"start":{"line":207,"column":11},"end":{"line":207,"column":28}},"101":{"start":{"line":211,"column":22},"end":{"line":213,"column":3}},"102":{"start":{"line":212,"column":4},"end":{"line":212,"column":19}},"103":{"start":{"line":214,"column":27},"end":{"line":216,"column":3}},"104":{"start":{"line":215,"column":4},"end":{"line":215,"column":22}},"105":{"start":{"line":218,"column":21},"end":{"line":220,"column":3}},"106":{"start":{"line":219,"column":4},"end":{"line":219,"column":18}},"107":{"start":{"line":222,"column":2},"end":{"line":320,"column":4}}},"fnMap":{"0":{"name":"Alert","decl":{"start":{"line":29,"column":9},"end":{"line":29,"column":14}},"loc":{"start":{"line":29,"column":22},"end":{"line":31,"column":1}},"line":29},"1":{"name":"UserAuthForm","decl":{"start":{"line":33,"column":24},"end":{"line":33,"column":36}},"loc":{"start":{"line":33,"column":53},"end":{"line":321,"column":1}},"line":33},"2":{"name":"validateInput","decl":{"start":{"line":62,"column":11},"end":{"line":62,"column":24}},"loc":{"start":{"line":62,"column":48},"end":{"line":76,"column":3}},"line":62},"3":{"name":"(anonymous_3)","decl":{"start":{"line":78,"column":21},"end":{"line":78,"column":22}},"loc":{"start":{"line":78,"column":32},"end":{"line":81,"column":3}},"line":78},"4":{"name":"(anonymous_4)","decl":{"start":{"line":78,"column":32},"end":{"line":78,"column":33}},"loc":{"start":{"line":78,"column":41},"end":{"line":81,"column":3}},"line":78},"5":{"name":"(anonymous_5)","decl":{"start":{"line":83,"column":25},"end":{"line":83,"column":26}},"loc":{"start":{"line":83,"column":36},"end":{"line":85,"column":3}},"line":83},"6":{"name":"(anonymous_6)","decl":{"start":{"line":86,"column":21},"end":{"line":86,"column":22}},"loc":{"start":{"line":86,"column":32},"end":{"line":91,"column":3}},"line":86},"7":{"name":"(anonymous_7)","decl":{"start":{"line":92,"column":22},"end":{"line":92,"column":23}},"loc":{"start":{"line":92,"column":33},"end":{"line":97,"column":3}},"line":92},"8":{"name":"(anonymous_8)","decl":{"start":{"line":98,"column":25},"end":{"line":98,"column":26}},"loc":{"start":{"line":98,"column":36},"end":{"line":103,"column":3}},"line":98},"9":{"name":"(anonymous_9)","decl":{"start":{"line":106,"column":46},"end":{"line":106,"column":47}},"loc":{"start":{"line":106,"column":53},"end":{"line":106,"column":62}},"line":106},"10":{"name":"validateEmail","decl":{"start":{"line":108,"column":11},"end":{"line":108,"column":24}},"loc":{"start":{"line":108,"column":32},"end":{"line":113,"column":3}},"line":108},"11":{"name":"validateName","decl":{"start":{"line":114,"column":11},"end":{"line":114,"column":23}},"loc":{"start":{"line":114,"column":30},"end":{"line":117,"column":3}},"line":114},"12":{"name":"validatePass","decl":{"start":{"line":118,"column":11},"end":{"line":118,"column":23}},"loc":{"start":{"line":118,"column":34},"end":{"line":124,"column":3}},"line":118},"13":{"name":"isFormValid","decl":{"start":{"line":126,"column":11},"end":{"line":126,"column":22}},"loc":{"start":{"line":126,"column":25},"end":{"line":143,"column":3}},"line":126},"14":{"name":"resetInputs","decl":{"start":{"line":145,"column":11},"end":{"line":145,"column":22}},"loc":{"start":{"line":145,"column":25},"end":{"line":150,"column":3}},"line":145},"15":{"name":"(anonymous_15)","decl":{"start":{"line":152,"column":23},"end":{"line":152,"column":24}},"loc":{"start":{"line":152,"column":40},"end":{"line":209,"column":3}},"line":152},"16":{"name":"(anonymous_16)","decl":{"start":{"line":211,"column":22},"end":{"line":211,"column":23}},"loc":{"start":{"line":211,"column":28},"end":{"line":213,"column":3}},"line":211},"17":{"name":"(anonymous_17)","decl":{"start":{"line":214,"column":27},"end":{"line":214,"column":28}},"loc":{"start":{"line":214,"column":33},"end":{"line":216,"column":3}},"line":214},"18":{"name":"(anonymous_18)","decl":{"start":{"line":218,"column":21},"end":{"line":218,"column":22}},"loc":{"start":{"line":218,"column":27},"end":{"line":220,"column":3}},"line":218}},"branchMap":{"0":{"loc":{"start":{"line":57,"column":2},"end":{"line":60,"column":3}},"type":"if","locations":[{"start":{"line":57,"column":2},"end":{"line":60,"column":3}},{"start":{"line":57,"column":2},"end":{"line":60,"column":3}}],"line":57},"1":{"loc":{"start":{"line":57,"column":6},"end":{"line":57,"column":27}},"type":"binary-expr","locations":[{"start":{"line":57,"column":6},"end":{"line":57,"column":15}},{"start":{"line":57,"column":19},"end":{"line":57,"column":27}}],"line":57},"2":{"loc":{"start":{"line":64,"column":4},"end":{"line":75,"column":5}},"type":"if","locations":[{"start":{"line":64,"column":4},"end":{"line":75,"column":5}},{"start":{"line":64,"column":4},"end":{"line":75,"column":5}}],"line":64},"3":{"loc":{"start":{"line":88,"column":4},"end":{"line":90,"column":5}},"type":"if","locations":[{"start":{"line":88,"column":4},"end":{"line":90,"column":5}},{"start":{"line":88,"column":4},"end":{"line":90,"column":5}}],"line":88},"4":{"loc":{"start":{"line":94,"column":4},"end":{"line":96,"column":5}},"type":"if","locations":[{"start":{"line":94,"column":4},"end":{"line":96,"column":5}},{"start":{"line":94,"column":4},"end":{"line":96,"column":5}}],"line":94},"5":{"loc":{"start":{"line":100,"column":4},"end":{"line":102,"column":5}},"type":"if","locations":[{"start":{"line":100,"column":4},"end":{"line":102,"column":5}},{"start":{"line":100,"column":4},"end":{"line":102,"column":5}}],"line":100},"6":{"loc":{"start":{"line":111,"column":4},"end":{"line":111,"column":64}},"type":"if","locations":[{"start":{"line":111,"column":4},"end":{"line":111,"column":64}},{"start":{"line":111,"column":4},"end":{"line":111,"column":64}}],"line":111},"7":{"loc":{"start":{"line":115,"column":4},"end":{"line":115,"column":65}},"type":"if","locations":[{"start":{"line":115,"column":4},"end":{"line":115,"column":65}},{"start":{"line":115,"column":4},"end":{"line":115,"column":65}}],"line":115},"8":{"loc":{"start":{"line":120,"column":4},"end":{"line":121,"column":74}},"type":"if","locations":[{"start":{"line":120,"column":4},"end":{"line":121,"column":74}},{"start":{"line":120,"column":4},"end":{"line":121,"column":74}}],"line":120},"9":{"loc":{"start":{"line":131,"column":4},"end":{"line":131,"column":43}},"type":"if","locations":[{"start":{"line":131,"column":4},"end":{"line":131,"column":43}},{"start":{"line":131,"column":4},"end":{"line":131,"column":43}}],"line":131},"10":{"loc":{"start":{"line":132,"column":4},"end":{"line":132,"column":49}},"type":"if","locations":[{"start":{"line":132,"column":4},"end":{"line":132,"column":49}},{"start":{"line":132,"column":4},"end":{"line":132,"column":49}}],"line":132},"11":{"loc":{"start":{"line":133,"column":4},"end":{"line":136,"column":5}},"type":"if","locations":[{"start":{"line":133,"column":4},"end":{"line":136,"column":5}},{"start":{"line":133,"column":4},"end":{"line":136,"column":5}}],"line":133},"12":{"loc":{"start":{"line":135,"column":6},"end":{"line":135,"column":43}},"type":"if","locations":[{"start":{"line":135,"column":6},"end":{"line":135,"column":43}},{"start":{"line":135,"column":6},"end":{"line":135,"column":43}}],"line":135},"13":{"loc":{"start":{"line":139,"column":6},"end":{"line":141,"column":19}},"type":"binary-expr","locations":[{"start":{"line":139,"column":7},"end":{"line":139,"column":49}},{"start":{"line":140,"column":6},"end":{"line":140,"column":16}},{"start":{"line":141,"column":6},"end":{"line":141,"column":19}}],"line":139},"14":{"loc":{"start":{"line":139,"column":7},"end":{"line":139,"column":49}},"type":"cond-expr","locations":[{"start":{"line":139,"column":33},"end":{"line":139,"column":37}},{"start":{"line":139,"column":40},"end":{"line":139,"column":49}}],"line":139},"15":{"loc":{"start":{"line":153,"column":4},"end":{"line":153,"column":38}},"type":"if","locations":[{"start":{"line":153,"column":4},"end":{"line":153,"column":38}},{"start":{"line":153,"column":4},"end":{"line":153,"column":38}}],"line":153},"16":{"loc":{"start":{"line":158,"column":6},"end":{"line":204,"column":7}},"type":"if","locations":[{"start":{"line":158,"column":6},"end":{"line":204,"column":7}},{"start":{"line":158,"column":6},"end":{"line":204,"column":7}}],"line":158},"17":{"loc":{"start":{"line":159,"column":8},"end":{"line":203,"column":9}},"type":"if","locations":[{"start":{"line":159,"column":8},"end":{"line":203,"column":9}},{"start":{"line":159,"column":8},"end":{"line":203,"column":9}}],"line":159},"18":{"loc":{"start":{"line":206,"column":6},"end":{"line":207,"column":28}},"type":"if","locations":[{"start":{"line":206,"column":6},"end":{"line":207,"column":28}},{"start":{"line":206,"column":6},"end":{"line":207,"column":28}}],"line":206},"19":{"loc":{"start":{"line":226,"column":9},"end":{"line":239,"column":16}},"type":"cond-expr","locations":[{"start":{"line":227,"column":10},"end":{"line":238,"column":12}},{"start":{"line":239,"column":12},"end":{"line":239,"column":16}}],"line":226},"20":{"loc":{"start":{"line":237,"column":19},"end":{"line":237,"column":48}},"type":"cond-expr","locations":[{"start":{"line":237,"column":36},"end":{"line":237,"column":40}},{"start":{"line":237,"column":43},"end":{"line":237,"column":48}}],"line":237},"21":{"loc":{"start":{"line":250,"column":17},"end":{"line":250,"column":47}},"type":"cond-expr","locations":[{"start":{"line":250,"column":35},"end":{"line":250,"column":39}},{"start":{"line":250,"column":42},"end":{"line":250,"column":47}}],"line":250},"22":{"loc":{"start":{"line":262,"column":17},"end":{"line":262,"column":50}},"type":"cond-expr","locations":[{"start":{"line":262,"column":38},"end":{"line":262,"column":42}},{"start":{"line":262,"column":45},"end":{"line":262,"column":50}}],"line":262},"23":{"loc":{"start":{"line":264,"column":9},"end":{"line":289,"column":16}},"type":"cond-expr","locations":[{"start":{"line":265,"column":10},"end":{"line":288,"column":13}},{"start":{"line":289,"column":12},"end":{"line":289,"column":16}}],"line":264},"24":{"loc":{"start":{"line":309,"column":9},"end":{"line":317,"column":9}},"type":"cond-expr","locations":[{"start":{"line":310,"column":10},"end":{"line":312,"column":18}},{"start":{"line":314,"column":10},"end":{"line":316,"column":18}}],"line":309},"25":{"loc":{"start":{"line":315,"column":13},"end":{"line":315,"column":78}},"type":"cond-expr","locations":[{"start":{"line":315,"column":51},"end":{"line":315,"column":61}},{"start":{"line":315,"column":64},"end":{"line":315,"column":78}}],"line":315}},"s":{"0":0,"1":0,"2":0,"3":0,"4":0,"5":0,"6":0,"7":0,"8":0,"9":0,"10":0,"11":0,"12":0,"13":0,"14":0,"15":0,"16":0,"17":0,"18":0,"19":0,"20":0,"21":0,"22":0,"23":0,"24":0,"25":0,"26":0,"27":0,"28":0,"29":0,"30":0,"31":0,"32":0,"33":0,"34":0,"35":0,"36":0,"37":0,"38":0,"39":0,"40":0,"41":0,"42":0,"43":0,"44":0,"45":0,"46":0,"47":0,"48":0,"49":0,"50":0,"51":0,"52":0,"53":0,"54":0,"55":0,"56":0,"57":0,"58":0,"59":0,"60":0,"61":0,"62":0,"63":0,"64":0,"65":0,"66":0,"67":0,"68":0,"69":0,"70":0,"71":0,"72":0,"73":0,"74":0,"75":0,"76":0,"77":0,"78":0,"79":0,"80":0,"81":0,"82":0,"83":0,"84":0,"85":0,"86":0,"87":0,"88":0,"89":0,"90":0,"91":0,"92":0,"93":0,"94":0,"95":0,"96":0,"97":0,"98":0,"99":0,"100":0,"101":0,"102":0,"103":0,"104":0,"105":0,"106":0,"107":0},"f":{"0":0,"1":0,"2":0,"3":0,"4":0,"5":0,"6":0,"7":0,"8":0,"9":0,"10":0,"11":0,"12":0,"13":0,"14":0,"15":0,"16":0,"17":0,"18":0},"b":{"0":[0,0],"1":[0,0],"2":[0,0],"3":[0,0],"4":[0,0],"5":[0,0],"6":[0,0],"7":[0,0],"8":[0,0],"9":[0,0],"10":[0,0],"11":[0,0],"12":[0,0],"13":[0,0,0],"14":[0,0],"15":[0,0],"16":[0,0],"17":[0,0],"18":[0,0],"19":[0,0],"20":[0,0],"21":[0,0],"22":[0,0],"23":[0,0],"24":[0,0],"25":[0,0]},"hash":"6a4c4149f2e69e9cf8e08ffe59af5930b1c11c1e"}
,"/home/hanuz06/Desktop/LHL-tasks/team-peppermint/client/src/components/userAuthForm/style.js": {"path":"/home/hanuz06/Desktop/LHL-tasks/team-peppermint/client/src/components/userAuthForm/style.js","statementMap":{"0":{"start":{"line":3,"column":25},"end":{"line":41,"column":3}},"1":{"start":{"line":3,"column":48},"end":{"line":41,"column":1}}},"fnMap":{"0":{"name":"(anonymous_0)","decl":{"start":{"line":3,"column":36},"end":{"line":3,"column":37}},"loc":{"start":{"line":3,"column":48},"end":{"line":41,"column":1}},"line":3}},"branchMap":{},"s":{"0":0,"1":0},"f":{"0":0},"b":{},"hash":"51d2c8d36adac0c0fa29ac66d2f1c9ee62973b42"}
,"/home/hanuz06/Desktop/LHL-tasks/team-peppermint/client/src/containers/ChatList/index.js": {"path":"/home/hanuz06/Desktop/LHL-tasks/team-peppermint/client/src/containers/ChatList/index.js","statementMap":{"0":{"start":{"line":9,"column":17},"end":{"line":49,"column":1}},"1":{"start":{"line":10,"column":18},"end":{"line":10,"column":29}},"2":{"start":{"line":11,"column":44},"end":{"line":11,"column":62}},"3":{"start":{"line":12,"column":28},"end":{"line":12,"column":51}},"4":{"start":{"line":13,"column":30},"end":{"line":15,"column":3}},"5":{"start":{"line":14,"column":4},"end":{"line":14,"column":28}},"6":{"start":{"line":16,"column":2},"end":{"line":48,"column":4}},"7":{"start":{"line":20,"column":10},"end":{"line":37,"column":28}},"8":{"start":{"line":21,"column":12},"end":{"line":36,"column":13}},"9":{"start":{"line":37,"column":17},"end":{"line":37,"column":28}}},"fnMap":{"0":{"name":"(anonymous_0)","decl":{"start":{"line":9,"column":17},"end":{"line":9,"column":18}},"loc":{"start":{"line":9,"column":36},"end":{"line":49,"column":1}},"line":9},"1":{"name":"(anonymous_1)","decl":{"start":{"line":13,"column":30},"end":{"line":13,"column":31}},"loc":{"start":{"line":13,"column":48},"end":{"line":15,"column":3}},"line":13},"2":{"name":"(anonymous_2)","decl":{"start":{"line":19,"column":26},"end":{"line":19,"column":27}},"loc":{"start":{"line":19,"column":51},"end":{"line":38,"column":9}},"line":19}},"branchMap":{"0":{"loc":{"start":{"line":18,"column":7},"end":{"line":46,"column":19}},"type":"cond-expr","locations":[{"start":{"line":19,"column":8},"end":{"line":38,"column":10}},{"start":{"line":39,"column":8},"end":{"line":46,"column":19}}],"line":18},"1":{"loc":{"start":{"line":20,"column":10},"end":{"line":37,"column":28}},"type":"if","locations":[{"start":{"line":20,"column":10},"end":{"line":37,"column":28}},{"start":{"line":20,"column":10},"end":{"line":37,"column":28}}],"line":20},"2":{"loc":{"start":{"line":20,"column":14},"end":{"line":20,"column":91}},"type":"binary-expr","locations":[{"start":{"line":20,"column":15},"end":{"line":20,"column":44}},{"start":{"line":20,"column":48},"end":{"line":20,"column":77}},{"start":{"line":20,"column":82},"end":{"line":20,"column":91}}],"line":20},"3":{"loc":{"start":{"line":29,"column":18},"end":{"line":32,"column":31}},"type":"cond-expr","locations":[{"start":{"line":30,"column":20},"end":{"line":31,"column":35}},{"start":{"line":32,"column":22},"end":{"line":32,"column":31}}],"line":29}},"s":{"0":1,"1":0,"2":0,"3":0,"4":0,"5":0,"6":0,"7":0,"8":0,"9":0},"f":{"0":0,"1":0,"2":0},"b":{"0":[0,0],"1":[0,0],"2":[0,0,0],"3":[0,0]},"_coverageSchema":"43e27e138ebf9cfc5966b082cf9a028302ed4184","hash":"b3df0996d13bbba465fda5041c96be139d549210"}
,"/home/hanuz06/Desktop/LHL-tasks/team-peppermint/client/src/containers/ChatList/style.js": {"path":"/home/hanuz06/Desktop/LHL-tasks/team-peppermint/client/src/containers/ChatList/style.js","statementMap":{"0":{"start":{"line":3,"column":25},"end":{"line":16,"column":3}},"1":{"start":{"line":3,"column":48},"end":{"line":16,"column":1}}},"fnMap":{"0":{"name":"(anonymous_0)","decl":{"start":{"line":3,"column":36},"end":{"line":3,"column":37}},"loc":{"start":{"line":3,"column":48},"end":{"line":16,"column":1}},"line":3}},"branchMap":{},"s":{"0":1,"1":0},"f":{"0":0},"b":{},"_coverageSchema":"43e27e138ebf9cfc5966b082cf9a028302ed4184","hash":"4b119f307e9b951145bf7b287c4a3502b076a75e"}
,"/home/hanuz06/Desktop/LHL-tasks/team-peppermint/client/src/containers/ContactsList/index.js": {"path":"/home/hanuz06/Desktop/LHL-tasks/team-peppermint/client/src/containers/ContactsList/index.js","statementMap":{"0":{"start":{"line":19,"column":21},"end":{"line":187,"column":1}},"1":{"start":{"line":20,"column":44},"end":{"line":20,"column":56}},"2":{"start":{"line":21,"column":30},"end":{"line":21,"column":45}},"3":{"start":{"line":23,"column":18},"end":{"line":23,"column":29}},"4":{"start":{"line":25,"column":43},"end":{"line":25,"column":58}},"5":{"start":{"line":26,"column":40},"end":{"line":26,"column":55}},"6":{"start":{"line":27,"column":38},"end":{"line":27,"column":52}},"7":{"start":{"line":29,"column":27},"end":{"line":32,"column":3}},"8":{"start":{"line":30,"column":4},"end":{"line":30,"column":27}},"9":{"start":{"line":31,"column":4},"end":{"line":31,"column":24}},"10":{"start":{"line":33,"column":28},"end":{"line":36,"column":3}},"11":{"start":{"line":34,"column":4},"end":{"line":34,"column":28}},"12":{"start":{"line":35,"column":4},"end":{"line":35,"column":24}},"13":{"start":{"line":38,"column":19},"end":{"line":38,"column":40}},"14":{"start":{"line":39,"column":23},"end":{"line":39,"column":41}},"15":{"start":{"line":40,"column":19},"end":{"line":40,"column":33}},"16":{"start":{"line":41,"column":20},"end":{"line":41,"column":47}},"17":{"start":{"line":43,"column":36},"end":{"line":45,"column":3}},"18":{"start":{"line":44,"column":4},"end":{"line":44,"column":46}},"19":{"start":{"line":47,"column":30},"end":{"line":49,"column":3}},"20":{"start":{"line":48,"column":4},"end":{"line":48,"column":28}},"21":{"start":{"line":50,"column":52},"end":{"line":50,"column":67}},"22":{"start":{"line":51,"column":23},"end":{"line":53,"column":3}},"23":{"start":{"line":52,"column":4},"end":{"line":52,"column":31}},"24":{"start":{"line":54,"column":24},"end":{"line":56,"column":3}},"25":{"start":{"line":55,"column":4},"end":{"line":55,"column":32}},"26":{"start":{"line":57,"column":23},"end":{"line":63,"column":3}},"27":{"start":{"line":58,"column":4},"end":{"line":58,"column":25}},"28":{"start":{"line":59,"column":4},"end":{"line":62,"column":13}},"29":{"start":{"line":60,"column":6},"end":{"line":60,"column":30}},"30":{"start":{"line":61,"column":6},"end":{"line":61,"column":28}},"31":{"start":{"line":64,"column":26},"end":{"line":99,"column":3}},"32":{"start":{"line":65,"column":25},"end":{"line":65,"column":39}},"33":{"start":{"line":66,"column":4},"end":{"line":73,"column":5}},"34":{"start":{"line":67,"column":6},"end":{"line":67,"column":27}},"35":{"start":{"line":68,"column":6},"end":{"line":68,"column":72}},"36":{"start":{"line":69,"column":6},"end":{"line":71,"column":15}},"37":{"start":{"line":70,"column":8},"end":{"line":70,"column":30}},"38":{"start":{"line":72,"column":6},"end":{"line":72,"column":13}},"39":{"start":{"line":74,"column":4},"end":{"line":98,"column":5}},"40":{"start":{"line":75,"column":16},"end":{"line":75,"column":18}},"41":{"start":{"line":76,"column":6},"end":{"line":92,"column":7}},"42":{"start":{"line":77,"column":8},"end":{"line":77,"column":28}},"43":{"start":{"line":78,"column":8},"end":{"line":91,"column":13}},"44":{"start":{"line":81,"column":12},"end":{"line":83,"column":15}},"45":{"start":{"line":84,"column":12},"end":{"line":84,"column":27}},"46":{"start":{"line":87,"column":12},"end":{"line":90,"column":13}},"47":{"start":{"line":88,"column":12},"end":{"line":88,"column":62}},"48":{"start":{"line":89,"column":12},"end":{"line":89,"column":49}},"49":{"start":{"line":94,"column":6},"end":{"line":94,"column":33}},"50":{"start":{"line":95,"column":6},"end":{"line":97,"column":15}},"51":{"start":{"line":96,"column":8},"end":{"line":96,"column":30}},"52":{"start":{"line":101,"column":21},"end":{"line":109,"column":3}},"53":{"start":{"line":102,"column":4},"end":{"line":102,"column":20}},"54":{"start":{"line":103,"column":4},"end":{"line":105,"column":13}},"55":{"start":{"line":104,"column":6},"end":{"line":104,"column":26}},"56":{"start":{"line":106,"column":4},"end":{"line":108,"column":13}},"57":{"start":{"line":107,"column":6},"end":{"line":107,"column":23}},"58":{"start":{"line":111,"column":2},"end":{"line":186,"column":4}},"59":{"start":{"line":114,"column":23},"end":{"line":114,"column":41}},"60":{"start":{"line":129,"column":33},"end":{"line":129,"column":47}},"61":{"start":{"line":161,"column":12},"end":{"line":172,"column":14}}},"fnMap":{"0":{"name":"(anonymous_0)","decl":{"start":{"line":19,"column":21},"end":{"line":19,"column":22}},"loc":{"start":{"line":19,"column":27},"end":{"line":187,"column":1}},"line":19},"1":{"name":"(anonymous_1)","decl":{"start":{"line":29,"column":27},"end":{"line":29,"column":28}},"loc":{"start":{"line":29,"column":33},"end":{"line":32,"column":3}},"line":29},"2":{"name":"(anonymous_2)","decl":{"start":{"line":33,"column":28},"end":{"line":33,"column":29}},"loc":{"start":{"line":33,"column":34},"end":{"line":36,"column":3}},"line":33},"3":{"name":"(anonymous_3)","decl":{"start":{"line":43,"column":36},"end":{"line":43,"column":37}},"loc":{"start":{"line":43,"column":47},"end":{"line":45,"column":3}},"line":43},"4":{"name":"(anonymous_4)","decl":{"start":{"line":47,"column":30},"end":{"line":47,"column":31}},"loc":{"start":{"line":47,"column":48},"end":{"line":49,"column":3}},"line":47},"5":{"name":"(anonymous_5)","decl":{"start":{"line":51,"column":23},"end":{"line":51,"column":24}},"loc":{"start":{"line":51,"column":29},"end":{"line":53,"column":3}},"line":51},"6":{"name":"(anonymous_6)","decl":{"start":{"line":54,"column":24},"end":{"line":54,"column":25}},"loc":{"start":{"line":54,"column":30},"end":{"line":56,"column":3}},"line":54},"7":{"name":"(anonymous_7)","decl":{"start":{"line":57,"column":23},"end":{"line":57,"column":24}},"loc":{"start":{"line":57,"column":29},"end":{"line":63,"column":3}},"line":57},"8":{"name":"(anonymous_8)","decl":{"start":{"line":59,"column":15},"end":{"line":59,"column":16}},"loc":{"start":{"line":59,"column":21},"end":{"line":62,"column":5}},"line":59},"9":{"name":"(anonymous_9)","decl":{"start":{"line":64,"column":26},"end":{"line":64,"column":27}},"loc":{"start":{"line":64,"column":43},"end":{"line":99,"column":3}},"line":64},"10":{"name":"(anonymous_10)","decl":{"start":{"line":69,"column":17},"end":{"line":69,"column":18}},"loc":{"start":{"line":69,"column":23},"end":{"line":71,"column":7}},"line":69},"11":{"name":"(anonymous_11)","decl":{"start":{"line":80,"column":16},"end":{"line":80,"column":17}},"loc":{"start":{"line":80,"column":36},"end":{"line":85,"column":11}},"line":80},"12":{"name":"(anonymous_12)","decl":{"start":{"line":86,"column":17},"end":{"line":86,"column":18}},"loc":{"start":{"line":86,"column":32},"end":{"line":91,"column":11}},"line":86},"13":{"name":"(anonymous_13)","decl":{"start":{"line":95,"column":17},"end":{"line":95,"column":18}},"loc":{"start":{"line":95,"column":23},"end":{"line":97,"column":7}},"line":95},"14":{"name":"(anonymous_14)","decl":{"start":{"line":101,"column":21},"end":{"line":101,"column":22}},"loc":{"start":{"line":101,"column":27},"end":{"line":109,"column":3}},"line":101},"15":{"name":"(anonymous_15)","decl":{"start":{"line":103,"column":15},"end":{"line":103,"column":16}},"loc":{"start":{"line":103,"column":21},"end":{"line":105,"column":5}},"line":103},"16":{"name":"(anonymous_16)","decl":{"start":{"line":106,"column":15},"end":{"line":106,"column":16}},"loc":{"start":{"line":106,"column":21},"end":{"line":108,"column":5}},"line":106},"17":{"name":"(anonymous_17)","decl":{"start":{"line":114,"column":17},"end":{"line":114,"column":18}},"loc":{"start":{"line":114,"column":23},"end":{"line":114,"column":41}},"line":114},"18":{"name":"(anonymous_18)","decl":{"start":{"line":129,"column":27},"end":{"line":129,"column":28}},"loc":{"start":{"line":129,"column":33},"end":{"line":129,"column":47}},"line":129},"19":{"name":"(anonymous_19)","decl":{"start":{"line":160,"column":36},"end":{"line":160,"column":37}},"loc":{"start":{"line":161,"column":12},"end":{"line":172,"column":14}},"line":161}},"branchMap":{"0":{"loc":{"start":{"line":66,"column":4},"end":{"line":73,"column":5}},"type":"if","locations":[{"start":{"line":66,"column":4},"end":{"line":73,"column":5}},{"start":{"line":66,"column":4},"end":{"line":73,"column":5}}],"line":66},"1":{"loc":{"start":{"line":76,"column":6},"end":{"line":92,"column":7}},"type":"if","locations":[{"start":{"line":76,"column":6},"end":{"line":92,"column":7}},{"start":{"line":76,"column":6},"end":{"line":92,"column":7}}],"line":76},"2":{"loc":{"start":{"line":87,"column":12},"end":{"line":90,"column":13}},"type":"if","locations":[{"start":{"line":87,"column":12},"end":{"line":90,"column":13}},{"start":{"line":87,"column":12},"end":{"line":90,"column":13}}],"line":87},"3":{"loc":{"start":{"line":89,"column":12},"end":{"line":89,"column":48}},"type":"binary-expr","locations":[{"start":{"line":89,"column":12},"end":{"line":89,"column":30}},{"start":{"line":89,"column":34},"end":{"line":89,"column":48}}],"line":89},"4":{"loc":{"start":{"line":159,"column":9},"end":{"line":183,"column":9}},"type":"cond-expr","locations":[{"start":{"line":160,"column":10},"end":{"line":173,"column":12}},{"start":{"line":175,"column":10},"end":{"line":182,"column":23}}],"line":159}},"s":{"0":1,"1":0,"2":0,"3":0,"4":0,"5":0,"6":0,"7":0,"8":0,"9":0,"10":0,"11":0,"12":0,"13":0,"14":0,"15":0,"16":0,"17":0,"18":0,"19":0,"20":0,"21":0,"22":0,"23":0,"24":0,"25":0,"26":0,"27":0,"28":0,"29":0,"30":0,"31":0,"32":0,"33":0,"34":0,"35":0,"36":0,"37":0,"38":0,"39":0,"40":0,"41":0,"42":0,"43":0,"44":0,"45":0,"46":0,"47":0,"48":0,"49":0,"50":0,"51":0,"52":0,"53":0,"54":0,"55":0,"56":0,"57":0,"58":0,"59":0,"60":0,"61":0},"f":{"0":0,"1":0,"2":0,"3":0,"4":0,"5":0,"6":0,"7":0,"8":0,"9":0,"10":0,"11":0,"12":0,"13":0,"14":0,"15":0,"16":0,"17":0,"18":0,"19":0},"b":{"0":[0,0],"1":[0,0],"2":[0,0],"3":[0,0],"4":[0,0]},"_coverageSchema":"43e27e138ebf9cfc5966b082cf9a028302ed4184","hash":"c983aae5bff676769fa335c5eceefa045804aaf5"}
[...]
,"/home/hanuz06/Desktop/LHL-tasks/team-peppermint/client/src/context/conversations/conversationsReducer.js": {"path":"/home/hanuz06/Desktop/LHL-tasks/team-peppermint/client/src/context/conversations/conversationsReducer.js","statementMap":{"0":{"start":{"line":4,"column":4},"end":{"line":17,"column":5}},"1":{"start":{"line":6,"column":12},"end":{"line":8,"column":14}},"2":{"start":{"line":11,"column":12},"end":{"line":13,"column":13}},"3":{"start":{"line":16,"column":12},"end":{"line":16,"column":25}}},"fnMap":{"0":{"name":"conversationsReducer","decl":{"start":{"line":3,"column":24},"end":{"line":3,"column":44}},"loc":{"start":{"line":3,"column":60},"end":{"line":18,"column":1}},"line":3}},"branchMap":{"0":{"loc":{"start":{"line":4,"column":4},"end":{"line":17,"column":5}},"type":"switch","locations":[{"start":{"line":5,"column":8},"end":{"line":9,"column":9}},{"start":{"line":10,"column":8},"end":{"line":14,"column":9}},{"start":{"line":15,"column":8},"end":{"line":16,"column":25}}],"line":4}},"s":{"0":0,"1":0,"2":0,"3":0},"f":{"0":0},"b":{"0":[0,0,0]},"_coverageSchema":"43e27e138ebf9cfc5966b082cf9a028302ed4184","hash":"2b5a285360695533cc399df7384f170985e49c51"}
,"/home/hanuz06/Desktop/LHL-tasks/team-peppermint/client/src/context/conversations/helper.js": {"path":"/home/hanuz06/Desktop/LHL-tasks/team-peppermint/client/src/context/conversations/helper.js","statementMap":{"0":{"start":{"line":4,"column":34},"end":{"line":15,"column":1}},"1":{"start":{"line":5,"column":29},"end":{"line":5,"column":76}},"2":{"start":{"line":6,"column":4},"end":{"line":8,"column":5}},"3":{"start":{"line":7,"column":8},"end":{"line":7,"column":47}},"4":{"start":{"line":9,"column":4},"end":{"line":14,"column":7}},"5":{"start":{"line":17,"column":34},"end":{"line":21,"column":1}},"6":{"start":{"line":18,"column":4},"end":{"line":20,"column":7}}},"fnMap":{"0":{"name":"(anonymous_0)","decl":{"start":{"line":4,"column":34},"end":{"line":4,"column":35}},"loc":{"start":{"line":4,"column":61},"end":{"line":15,"column":1}},"line":4},"1":{"name":"(anonymous_1)","decl":{"start":{"line":17,"column":34},"end":{"line":17,"column":35}},"loc":{"start":{"line":17,"column":48},"end":{"line":21,"column":1}},"line":17}},"branchMap":{"0":{"loc":{"start":{"line":6,"column":4},"end":{"line":8,"column":5}},"type":"if","locations":[{"start":{"line":6,"column":4},"end":{"line":8,"column":5}},{"start":{"line":6,"column":4},"end":{"line":8,"column":5}}],"line":6}},"s":{"0":1,"1":0,"2":0,"3":0,"4":0,"5":1,"6":0},"f":{"0":0,"1":0},"b":{"0":[0,0]},"_coverageSchema":"43e27e138ebf9cfc5966b082cf9a028302ed4184","hash":"ab590f9b9903ca1e9692350219f37d8ee1e2b740"}
,"/home/hanuz06/Desktop/LHL-tasks/team-peppermint/client/src/context/messages/helper.js": {"path":"/home/hanuz06/Desktop/LHL-tasks/team-peppermint/client/src/context/messages/helper.js","statementMap":{"0":{"start":{"line":3,"column":29},"end":{"line":12,"column":1}},"1":{"start":{"line":4,"column":2},"end":{"line":11,"column":3}},"2":{"start":{"line":5,"column":16},"end":{"line":7,"column":5}},"3":{"start":{"line":8,"column":4},"end":{"line":8,"column":56}},"4":{"start":{"line":10,"column":4},"end":{"line":10,"column":45}}},"fnMap":{"0":{"name":"(anonymous_0)","decl":{"start":{"line":3,"column":29},"end":{"line":3,"column":30}},"loc":{"start":{"line":3,"column":55},"end":{"line":12,"column":1}},"line":3}},"branchMap":{},"s":{"0":1,"1":0,"2":0,"3":0,"4":0},"f":{"0":0},"b":{},"_coverageSchema":"43e27e138ebf9cfc5966b082cf9a028302ed4184","hash":"0272a52a095f97e5dac945d6250e0ea2e99f394a"}
,"/home/hanuz06/Desktop/LHL-tasks/team-peppermint/client/src/context/user/helper.js": {"path":"/home/hanuz06/Desktop/LHL-tasks/team-peppermint/client/src/context/user/helper.js","statementMap":{"0":{"start":{"line":4,"column":29},"end":{"line":17,"column":1}},"1":{"start":{"line":5,"column":14},"end":{"line":5,"column":48}},"2":{"start":{"line":7,"column":18},"end":{"line":9,"column":4}},"3":{"start":{"line":10,"column":2},"end":{"line":16,"column":5}},"4":{"start":{"line":19,"column":27},"end":{"line":27,"column":1}},"5":{"start":{"line":20,"column":2},"end":{"line":26,"column":5}},"6":{"start":{"line":29,"column":31},"end":{"line":34,"column":1}},"7":{"start":{"line":30,"column":2},"end":{"line":33,"column":5}}},"fnMap":{"0":{"name":"(anonymous_0)","decl":{"start":{"line":4,"column":29},"end":{"line":4,"column":30}},"loc":{"start":{"line":4,"column":49},"end":{"line":17,"column":1}},"line":4},"1":{"name":"(anonymous_1)","decl":{"start":{"line":19,"column":27},"end":{"line":19,"column":28}},"loc":{"start":{"line":19,"column":54},"end":{"line":27,"column":1}},"line":19},"2":{"name":"(anonymous_2)","decl":{"start":{"line":29,"column":31},"end":{"line":29,"column":32}},"loc":{"start":{"line":29,"column":55},"end":{"line":34,"column":1}},"line":29}},"branchMap":{},"s":{"0":1,"1":0,"2":0,"3":0,"4":1,"5":0,"6":1,"7":0},"f":{"0":0,"1":0,"2":0},"b":{},"_coverageSchema":"43e27e138ebf9cfc5966b082cf9a028302ed4184","hash":"c7b63b43df0c5c97b61078106861d32c4e05c312"}
,"/home/hanuz06/Desktop/LHL-tasks/team-peppermint/client/src/context/user/userContext.js": {"path":"/home/hanuz06/Desktop/LHL-tasks/team-peppermint/client/src/context/user/userContext.js","statementMap":{"0":{"start":{"line":5,"column":25},"end":{"line":5,"column":46}},"1":{"start":{"line":6,"column":28},"end":{"line":6,"column":49}},"2":{"start":{"line":9,"column":28},"end":{"line":18,"column":4}},"3":{"start":{"line":19,"column":2},"end":{"line":25,"column":4}},"4":{"start":{"line":29,"column":18},"end":{"line":29,"column":46}},"5":{"start":{"line":30,"column":2},"end":{"line":30,"column":17}},"6":{"start":{"line":34,"column":18},"end":{"line":34,"column":49}},"7":{"start":{"line":35,"column":2},"end":{"line":35,"column":17}}},"fnMap":{"0":{"name":"UserProvider","decl":{"start":{"line":8,"column":9},"end":{"line":8,"column":21}},"loc":{"start":{"line":8,"column":36},"end":{"line":26,"column":1}},"line":8},"1":{"name":"useUserState","decl":{"start":{"line":28,"column":9},"end":{"line":28,"column":21}},"loc":{"start":{"line":28,"column":24},"end":{"line":31,"column":1}},"line":28},"2":{"name":"useUserDispatch","decl":{"start":{"line":33,"column":9},"end":{"line":33,"column":24}},"loc":{"start":{"line":33,"column":27},"end":{"line":36,"column":1}},"line":33}},"branchMap":{},"s":{"0":1,"1":1,"2":0,"3":0,"4":0,"5":0,"6":0,"7":0},"f":{"0":0,"1":0,"2":0},"b":{},"_coverageSchema":"43e27e138ebf9cfc5966b082cf9a028302ed4184","hash":"87cf8cff69b6c5a540a57243b0f9a55c45921e54"}
,"/home/hanuz06/Desktop/LHL-tasks/team-peppermint/client/src/context/user/userReducer.js": {"path":"/home/hanuz06/Desktop/LHL-tasks/team-peppermint/client/src/context/user/userReducer.js","statementMap":{"0":{"start":{"line":4,"column":2},"end":{"line":21,"column":3}},"1":{"start":{"line":7,"column":6},"end":{"line":11,"column":8}},"2":{"start":{"line":14,"column":6},"end":{"line":17,"column":8}},"3":{"start":{"line":20,"column":6},"end":{"line":20,"column":19}}},"fnMap":{"0":{"name":"userReducer","decl":{"start":{"line":3,"column":24},"end":{"line":3,"column":35}},"loc":{"start":{"line":3,"column":51},"end":{"line":22,"column":1}},"line":3}},"branchMap":{"0":{"loc":{"start":{"line":4,"column":2},"end":{"line":21,"column":3}},"type":"switch","locations":[{"start":{"line":5,"column":4},"end":{"line":5,"column":23}},{"start":{"line":6,"column":4},"end":{"line":12,"column":5}},{"start":{"line":13,"column":4},"end":{"line":18,"column":5}},{"start":{"line":19,"column":4},"end":{"line":20,"column":19}}],"line":4}},"s":{"0":0,"1":0,"2":0,"3":0},"f":{"0":0},"b":{"0":[0,0,0,0]},"_coverageSchema":"43e27e138ebf9cfc5966b082cf9a028302ed4184","hash":"dee91995f0ba585f10eaf3e38716b64dc534f452"}
,"/home/hanuz06/Desktop/LHL-tasks/team-peppermint/client/src/hooks/useWindowDimensions.js": {"path":"/home/hanuz06/Desktop/LHL-tasks/team-peppermint/client/src/hooks/useWindowDimensions.js","statementMap":{"0":{"start":{"line":4,"column":53},"end":{"line":4,"column":59}},"1":{"start":{"line":5,"column":2},"end":{"line":8,"column":4}},"2":{"start":{"line":12,"column":50},"end":{"line":12,"column":81}},"3":{"start":{"line":14,"column":2},"end":{"line":21,"column":9}},"4":{"start":{"line":16,"column":6},"end":{"line":16,"column":49}},"5":{"start":{"line":19,"column":4},"end":{"line":19,"column":52}},"6":{"start":{"line":20,"column":4},"end":{"line":20,"column":68}},"7":{"start":{"line":20,"column":17},"end":{"line":20,"column":67}},"8":{"start":{"line":23,"column":2},"end":{"line":23,"column":26}}},"fnMap":{"0":{"name":"getWindowDimensions","decl":{"start":{"line":3,"column":9},"end":{"line":3,"column":28}},"loc":{"start":{"line":3,"column":31},"end":{"line":9,"column":1}},"line":3},"1":{"name":"useWindowDimensions","decl":{"start":{"line":11,"column":24},"end":{"line":11,"column":43}},"loc":{"start":{"line":11,"column":46},"end":{"line":24,"column":1}},"line":11},"2":{"name":"(anonymous_2)","decl":{"start":{"line":14,"column":12},"end":{"line":14,"column":13}},"loc":{"start":{"line":14,"column":18},"end":{"line":21,"column":3}},"line":14},"3":{"name":"handleResize","decl":{"start":{"line":15,"column":13},"end":{"line":15,"column":25}},"loc":{"start":{"line":15,"column":28},"end":{"line":17,"column":5}},"line":15},"4":{"name":"(anonymous_4)","decl":{"start":{"line":20,"column":11},"end":{"line":20,"column":12}},"loc":{"start":{"line":20,"column":17},"end":{"line":20,"column":67}},"line":20}},"branchMap":{},"s":{"0":0,"1":0,"2":0,"3":0,"4":0,"5":0,"6":0,"7":0,"8":0},"f":{"0":0,"1":0,"2":0,"3":0,"4":0},"b":{},"_coverageSchema":"43e27e138ebf9cfc5966b082cf9a028302ed4184","hash":"19343ff96446948bd0df7daf56a101faa0e3a8ec"}
,"/home/hanuz06/Desktop/LHL-tasks/team-peppermint/client/src/lib/fbConfig.js": {"path":"/home/hanuz06/Desktop/LHL-tasks/team-peppermint/client/src/lib/fbConfig.js","statementMap":{"0":{"start":{"line":5,"column":21},"end":{"line":14,"column":1}},"1":{"start":{"line":17,"column":0},"end":{"line":17,"column":39}},"2":{"start":{"line":18,"column":0},"end":{"line":18,"column":19}}},"fnMap":{},"branchMap":{},"s":{"0":1,"1":1,"2":1},"f":{},"b":{},"_coverageSchema":"43e27e138ebf9cfc5966b082cf9a028302ed4184","hash":"e6358bf07ca0c0b161b9fb40d49d445fd8dcb732"}
,"/home/hanuz06/Desktop/LHL-tasks/team-peppermint/client/src/services/getResizedImageUrl.js": {"path":"/home/hanuz06/Desktop/LHL-tasks/team-peppermint/client/src/services/getResizedImageUrl.js","statementMap":{"0":{"start":{"line":2,"column":2},"end":{"line":4,"column":5}},"1":{"start":{"line":3,"column":4},"end":{"line":3,"column":41}},"2":{"start":{"line":8,"column":2},"end":{"line":10,"column":3}},"3":{"start":{"line":9,"column":4},"end":{"line":9,"column":42}},"4":{"start":{"line":12,"column":2},"end":{"line":29,"column":7}},"5":{"start":{"line":15,"column":6},"end":{"line":15,"column":17}},"6":{"start":{"line":18,"column":6},"end":{"line":28,"column":7}},"7":{"start":{"line":20,"column":10},"end":{"line":24,"column":71}},"8":{"start":{"line":22,"column":14},"end":{"line":22,"column":64}},"9":{"start":{"line":24,"column":28},"end":{"line":24,"column":69}},"10":{"start":{"line":26,"column":10},"end":{"line":26,"column":29}},"11":{"start":{"line":27,"column":10},"end":{"line":27,"column":39}}},"fnMap":{"0":{"name":"delay","decl":{"start":{"line":1,"column":9},"end":{"line":1,"column":14}},"loc":{"start":{"line":1,"column":21},"end":{"line":5,"column":1}},"line":1},"1":{"name":"(anonymous_1)","decl":{"start":{"line":2,"column":21},"end":{"line":2,"column":22}},"loc":{"start":{"line":2,"column":40},"end":{"line":4,"column":3}},"line":2},"2":{"name":"keepTrying","decl":{"start":{"line":7,"column":16},"end":{"line":7,"column":26}},"loc":{"start":{"line":7,"column":55},"end":{"line":30,"column":1}},"line":7},"3":{"name":"(anonymous_3)","decl":{"start":{"line":14,"column":10},"end":{"line":14,"column":11}},"loc":{"start":{"line":14,"column":19},"end":{"line":16,"column":5}},"line":14},"4":{"name":"(anonymous_4)","decl":{"start":{"line":17,"column":11},"end":{"line":17,"column":12}},"loc":{"start":{"line":17,"column":22},"end":{"line":29,"column":5}},"line":17},"5":{"name":"(anonymous_5)","decl":{"start":{"line":21,"column":18},"end":{"line":21,"column":19}},"loc":{"start":{"line":21,"column":24},"end":{"line":23,"column":13}},"line":21},"6":{"name":"(anonymous_6)","decl":{"start":{"line":24,"column":19},"end":{"line":24,"column":20}},"loc":{"start":{"line":24,"column":28},"end":{"line":24,"column":69}},"line":24}},"branchMap":{"0":{"loc":{"start":{"line":8,"column":2},"end":{"line":10,"column":3}},"type":"if","locations":[{"start":{"line":8,"column":2},"end":{"line":10,"column":3}},{"start":{"line":8,"column":2},"end":{"line":10,"column":3}}],"line":8},"1":{"loc":{"start":{"line":18,"column":6},"end":{"line":28,"column":7}},"type":"switch","locations":[{"start":{"line":19,"column":8},"end":{"line":24,"column":71}},{"start":{"line":25,"column":8},"end":{"line":27,"column":39}}],"line":18}},"s":{"0":0,"1":0,"2":0,"3":0,"4":0,"5":0,"6":0,"7":0,"8":0,"9":0,"10":0,"11":0},"f":{"0":0,"1":0,"2":0,"3":0,"4":0,"5":0,"6":0},"b":{"0":[0,0],"1":[0,0]},"_coverageSchema":"43e27e138ebf9cfc5966b082cf9a028302ed4184","hash":"e8400c91756f8b1aae708bdaeb5566bddd00ef34"}
,"/home/hanuz06/Desktop/LHL-tasks/team-peppermint/client/src/services/uploadDeleteUserImage.js": {"path":"/home/hanuz06/Desktop/LHL-tasks/team-peppermint/client/src/services/uploadDeleteUserImage.js","statementMap":{"0":{"start":{"line":4,"column":27},"end":{"line":4,"column":58}},"1":{"start":{"line":6,"column":17},"end":{"line":6,"column":41}},"2":{"start":{"line":8,"column":25},"end":{"line":28,"column":1}},"3":{"start":{"line":10,"column":2},"end":{"line":27,"column":3}},"4":{"start":{"line":11,"column":4},"end":{"line":15,"column":5}},"5":{"start":{"line":12,"column":6},"end":{"line":14,"column":9}},"6":{"start":{"line":17,"column":4},"end":{"line":24,"column":5}},"7":{"start":{"line":22,"column":6},"end":{"line":22,"column":66}},"8":{"start":{"line":23,"column":6},"end":{"line":23,"column":31}},"9":{"start":{"line":26,"column":4},"end":{"line":26,"column":60}},"10":{"start":{"line":31,"column":31},"end":{"line":81,"column":1}},"11":{"start":{"line":32,"column":22},"end":{"line":32,"column":24}},"12":{"start":{"line":33,"column":25},"end":{"line":33,"column":27}},"13":{"start":{"line":36,"column":23},"end":{"line":36,"column":57}},"14":{"start":{"line":38,"column":2},"end":{"line":43,"column":5}},"15":{"start":{"line":45,"column":2},"end":{"line":49,"column":3}},"16":{"start":{"line":46,"column":4},"end":{"line":46,"column":63}},"17":{"start":{"line":48,"column":4},"end":{"line":48,"column":58}},"18":{"start":{"line":51,"column":2},"end":{"line":51,"column":55}},"19":{"start":{"line":53,"column":32},"end":{"line":53,"column":56}},"20":{"start":{"line":54,"column":2},"end":{"line":58,"column":4}},"21":{"start":{"line":59,"column":2},"end":{"line":59,"column":52}},"22":{"start":{"line":61,"column":2},"end":{"line":73,"column":3}},"23":{"start":{"line":62,"column":4},"end":{"line":64,"column":6}},"24":{"start":{"line":65,"column":28},"end":{"line":65,"column":72}},"25":{"start":{"line":67,"column":4},"end":{"line":67,"column":36}},"26":{"start":{"line":69,"column":4},"end":{"line":69,"column":76}},"27":{"start":{"line":70,"column":28},"end":{"line":70,"column":72}},"28":{"start":{"line":72,"column":4},"end":{"line":72,"column":36}},"29":{"start":{"line":75,"column":23},"end":{"line":78,"column":3}},"30":{"start":{"line":79,"column":2},"end":{"line":79,"column":64}},"31":{"start":{"line":80,"column":2},"end":{"line":80,"column":22}},"32":{"start":{"line":83,"column":31},"end":{"line":89,"column":1}},"33":{"start":{"line":84,"column":16},"end":{"line":84,"column":60}},"34":{"start":{"line":85,"column":2},"end":{"line":88,"column":5}},"35":{"start":{"line":86,"column":4},"end":{"line":86,"column":66}},"36":{"start":{"line":87,"column":4},"end":{"line":87,"column":27}}},"fnMap":{"0":{"name":"(anonymous_0)","decl":{"start":{"line":8,"column":25},"end":{"line":8,"column":26}},"loc":{"start":{"line":8,"column":74},"end":{"line":28,"column":1}},"line":8},"1":{"name":"(anonymous_1)","decl":{"start":{"line":31,"column":31},"end":{"line":31,"column":32}},"loc":{"start":{"line":31,"column":76},"end":{"line":81,"column":1}},"line":31},"2":{"name":"(anonymous_2)","decl":{"start":{"line":83,"column":31},"end":{"line":83,"column":32}},"loc":{"start":{"line":83,"column":52},"end":{"line":89,"column":1}},"line":83},"3":{"name":"(anonymous_3)","decl":{"start":{"line":85,"column":31},"end":{"line":85,"column":32}},"loc":{"start":{"line":85,"column":46},"end":{"line":88,"column":3}},"line":85}},"branchMap":{"0":{"loc":{"start":{"line":11,"column":4},"end":{"line":15,"column":5}},"type":"if","locations":[{"start":{"line":11,"column":4},"end":{"line":15,"column":5}},{"start":{"line":11,"column":4},"end":{"line":15,"column":5}}],"line":11},"1":{"loc":{"start":{"line":17,"column":4},"end":{"line":24,"column":5}},"type":"if","locations":[{"start":{"line":17,"column":4},"end":{"line":24,"column":5}},{"start":{"line":17,"column":4},"end":{"line":24,"column":5}}],"line":17},"2":{"loc":{"start":{"line":18,"column":6},"end":{"line":20,"column":25}},"type":"binary-expr","locations":[{"start":{"line":18,"column":6},"end":{"line":18,"column":27}},{"start":{"line":19,"column":6},"end":{"line":19,"column":32}},{"start":{"line":20,"column":6},"end":{"line":20,"column":25}}],"line":18},"3":{"loc":{"start":{"line":45,"column":2},"end":{"line":49,"column":3}},"type":"if","locations":[{"start":{"line":45,"column":2},"end":{"line":49,"column":3}},{"start":{"line":45,"column":2},"end":{"line":49,"column":3}}],"line":45},"4":{"loc":{"start":{"line":61,"column":2},"end":{"line":73,"column":3}},"type":"if","locations":[{"start":{"line":61,"column":2},"end":{"line":73,"column":3}},{"start":{"line":61,"column":2},"end":{"line":73,"column":3}}],"line":61}},"s":{"0":1,"1":1,"2":1,"3":0,"4":0,"5":0,"6":0,"7":0,"8":0,"9":0,"10":1,"11":0,"12":0,"13":0,"14":0,"15":0,"16":0,"17":0,"18":0,"19":0,"20":0,"21":0,"22":0,"23":0,"24":0,"25":0,"26":0,"27":0,"28":0,"29":0,"30":0,"31":0,"32":1,"33":0,"34":0,"35":0,"36":0},"f":{"0":0,"1":0,"2":0,"3":0},"b":{"0":[0,0],"1":[0,0],"2":[0,0,0],"3":[0,0],"4":[0,0]},"_coverageSchema":"43e27e138ebf9cfc5966b082cf9a028302ed4184","hash":"2c65ccc49953847cf5de6ccac4075f5f6cd11afb"}
,"/home/hanuz06/Desktop/LHL-tasks/team-peppermint/client/src/socket-client/socket.js": {"path":"/home/hanuz06/Desktop/LHL-tasks/team-peppermint/client/src/socket-client/socket.js","statementMap":{"0":{"start":{"line":3,"column":15},"end":{"line":3,"column":50}}},"fnMap":{},"branchMap":{},"s":{"0":1},"f":{},"b":{},"_coverageSchema":"43e27e138ebf9cfc5966b082cf9a028302ed4184","hash":"6a942a7abe2aea11ce83ade5c9c095f321105f2a"}
,"/home/hanuz06/Desktop/LHL-tasks/team-peppermint/client/src/themes/StyledAvatarBadge.js": {"path":"/home/hanuz06/Desktop/LHL-tasks/team-peppermint/client/src/themes/StyledAvatarBadge.js","statementMap":{"0":{"start":{"line":4,"column":33},"end":{"line":36,"column":10}},"1":{"start":{"line":4,"column":56},"end":{"line":36,"column":1}}},"fnMap":{"0":{"name":"(anonymous_0)","decl":{"start":{"line":4,"column":44},"end":{"line":4,"column":45}},"loc":{"start":{"line":4,"column":56},"end":{"line":36,"column":1}},"line":4}},"branchMap":{},"s":{"0":0,"1":0},"f":{"0":0},"b":{},"hash":"f75aea0f2a9e5c517953660764e9d38a0715a398"}
,"/home/hanuz06/Desktop/LHL-tasks/team-peppermint/client/src/themes/theme.js": {"path":"/home/hanuz06/Desktop/LHL-tasks/team-peppermint/client/src/themes/theme.js","statementMap":{"0":{"start":{"line":3,"column":21},"end":{"line":14,"column":2}}},"fnMap":{},"branchMap":{},"s":{"0":0},"f":{},"b":{},"hash":"0612446386a63debb8b5ee145a9ad72c93415ff1"}
}
