TN:
SF:/home/hanuz06/Desktop/LHL-tasks/team-peppermint/client/src/App.js
FN:17,(anonymous_0)
FN:18,(anonymous_1)
FN:19,(anonymous_2)
FN:24,App
FN:28,(anonymous_4)
FN:29,(anonymous_5)
FN:54,(anonymous_6)
FN:55,(anonymous_7)
FNF:8
FNH:0
FNDA:0,(anonymous_0)
FNDA:0,(anonymous_1)
FNDA:0,(anonymous_2)
FNDA:0,App
FNDA:0,(anonymous_4)
FNDA:0,(anonymous_5)
FNDA:0,(anonymous_6)
FNDA:0,(anonymous_7)
DA:17,0
DA:18,0
DA:19,0
DA:21,0
DA:22,0
DA:25,0
DA:26,0
DA:28,0
DA:29,0
DA:30,0
DA:32,0
DA:33,0
DA:34,0
DA:37,0
DA:44,0
DA:45,0
DA:46,0
DA:49,0
DA:50,0
DA:54,0
DA:55,0
DA:56,0
DA:58,0
DA:62,0
LF:24
LH:0
BRDA:32,0,0,0
BRDA:32,0,1,0
BRDA:44,1,0,0
BRDA:44,1,1,0
BRF:4
BRH:0
end_of_record
TN:
SF:/home/hanuz06/Desktop/LHL-tasks/team-peppermint/client/src/serviceWorker.js
FN:23,register
FN:34,(anonymous_1)
FN:43,(anonymous_2)
FN:57,registerValidSW
FN:60,(anonymous_4)
FN:61,(anonymous_5)
FN:66,(anonymous_6)
FN:96,(anonymous_7)
FN:101,checkValidServiceWorker
FN:104,(anonymous_9)
FN:112,(anonymous_10)
FN:113,(anonymous_11)
FN:122,(anonymous_12)
FN:129,unregister
FN:131,(anonymous_14)
FNF:15
FNH:0
FNDA:0,register
FNDA:0,(anonymous_1)
FNDA:0,(anonymous_2)
FNDA:0,registerValidSW
FNDA:0,(anonymous_4)
FNDA:0,(anonymous_5)
FNDA:0,(anonymous_6)
FNDA:0,(anonymous_7)
FNDA:0,checkValidServiceWorker
FNDA:0,(anonymous_9)
FNDA:0,(anonymous_10)
FNDA:0,(anonymous_11)
FNDA:0,(anonymous_12)
FNDA:0,unregister
FNDA:0,(anonymous_14)
DA:13,0
DA:24,0
DA:26,0
DA:27,0
DA:31,0
DA:34,0
DA:35,0
DA:37,0
DA:39,0
DA:43,0
DA:44,0
DA:51,0
DA:58,0
DA:61,0
DA:62,0
DA:63,0
DA:64,0
DA:66,0
DA:67,0
DA:68,0
DA:72,0
DA:78,0
DA:79,0
DA:85,0
DA:88,0
DA:89,0
DA:97,0
DA:103,0
DA:106,0
DA:107,0
DA:112,0
DA:113,0
DA:114,0
DA:119,0
DA:123,0
DA:130,0
DA:131,0
DA:132,0
LF:38
LH:0
BRDA:14,0,0,0
BRDA:14,0,1,0
BRDA:14,0,2,0
BRDA:24,1,0,0
BRDA:24,1,1,0
BRDA:24,2,0,0
BRDA:24,2,1,0
BRDA:27,3,0,0
BRDA:27,3,1,0
BRDA:37,4,0,0
BRDA:37,4,1,0
BRDA:63,5,0,0
BRDA:63,5,1,0
BRDA:67,6,0,0
BRDA:67,6,1,0
BRDA:68,7,0,0
BRDA:68,7,1,0
BRDA:78,8,0,0
BRDA:78,8,1,0
BRDA:78,9,0,0
BRDA:78,9,1,0
BRDA:88,10,0,0
BRDA:88,10,1,0
BRDA:88,11,0,0
BRDA:88,11,1,0
BRDA:107,12,0,0
BRDA:107,12,1,0
BRDA:108,13,0,0
BRDA:108,13,1,0
BRDA:108,13,2,0
BRDA:130,14,0,0
BRDA:130,14,1,0
BRF:32
BRH:0
end_of_record
TN:
SF:/home/hanuz06/Desktop/LHL-tasks/team-peppermint/client/src/types.js
FNF:0
FNH:0
DA:1,1
DA:2,1
DA:3,1
DA:4,1
DA:5,1
DA:6,1
DA:7,1
DA:8,1
DA:9,1
DA:10,1
DA:11,1
DA:12,1
LF:12
LH:12
BRF:0
BRH:0
end_of_record
TN:
SF:/home/hanuz06/Desktop/LHL-tasks/team-peppermint/client/src/components/AddPhotoButton/index.js
FN:5,(anonymous_0)
FNF:1
FNH:0
FNDA:0,(anonymous_0)
DA:5,1
DA:12,0
LF:2
LH:1
BRDA:19,0,0,0
BRDA:19,0,1,0
BRF:2
BRH:0
end_of_record
TN:
SF:/home/hanuz06/Desktop/LHL-tasks/team-peppermint/client/src/components/ChatItem/index.js
FN:15,(anonymous_0)
FN:31,(anonymous_1)
FN:37,(anonymous_2)
FN:41,(anonymous_3)
FN:51,(anonymous_4)
FN:54,(anonymous_5)
FN:65,(anonymous_6)
FN:69,(anonymous_7)
FNF:8
FNH:0
FNDA:0,(anonymous_0)
FNDA:0,(anonymous_1)
FNDA:0,(anonymous_2)
FNDA:0,(anonymous_3)
FNDA:0,(anonymous_4)
FNDA:0,(anonymous_5)
FNDA:0,(anonymous_6)
FNDA:0,(anonymous_7)
DA:15,1
DA:16,0
DA:17,0
DA:19,0
DA:20,0
DA:30,0
DA:31,0
DA:32,0
DA:33,0
DA:34,0
DA:35,0
DA:37,0
DA:38,0
DA:39,0
DA:41,0
DA:42,0
DA:43,0
DA:51,0
DA:52,0
DA:53,0
DA:54,0
DA:55,0
DA:56,0
DA:57,0
DA:61,0
DA:62,0
DA:65,0
DA:66,0
DA:70,0
DA:71,0
DA:76,0
DA:125,1
LF:32
LH:2
BRDA:42,0,0,0
BRDA:42,0,1,0
BRDA:45,1,0,0
BRDA:45,1,1,0
BRDA:53,2,0,0
BRDA:53,2,1,0
BRDA:55,3,0,0
BRDA:55,3,1,0
BRDA:55,4,0,0
BRDA:55,4,1,0
BRDA:55,4,2,0
BRDA:61,5,0,0
BRDA:61,5,1,0
BRDA:66,6,0,0
BRDA:66,6,1,0
BRDA:70,7,0,0
BRDA:70,7,1,0
BRDA:84,8,0,0
BRDA:84,8,1,0
BRDA:87,9,0,0
BRDA:87,9,1,0
BRDA:91,10,0,0
BRDA:91,10,1,0
BRF:23
BRH:0
end_of_record
TN:
SF:/home/hanuz06/Desktop/LHL-tasks/team-peppermint/client/src/components/ChatItem/style.js
FN:3,(anonymous_0)
FNF:1
FNH:0
FNDA:0,(anonymous_0)
DA:3,1
LF:1
LH:1
BRF:0
BRH:0
end_of_record
TN:
SF:/home/hanuz06/Desktop/LHL-tasks/team-peppermint/client/src/components/ContactItem/index.js
FN:15,(anonymous_0)
FN:30,(anonymous_1)
FN:34,(anonymous_2)
FN:38,(anonymous_3)
FN:76,(anonymous_4)
FNF:5
FNH:0
FNDA:0,(anonymous_0)
FNDA:0,(anonymous_1)
FNDA:0,(anonymous_2)
FNDA:0,(anonymous_3)
FNDA:0,(anonymous_4)
DA:15,1
DA:26,0
DA:28,0
DA:29,0
DA:30,0
DA:31,0
DA:32,0
DA:34,0
DA:35,0
DA:38,0
DA:39,0
DA:42,0
DA:76,0
DA:86,1
LF:14
LH:2
BRF:0
BRH:0
end_of_record
TN:
SF:/home/hanuz06/Desktop/LHL-tasks/team-peppermint/client/src/components/ContactItem/style.js
FN:3,(anonymous_0)
FNF:1
FNH:0
FNDA:0,(anonymous_0)
DA:3,1
LF:1
LH:1
BRF:0
BRH:0
end_of_record
TN:
SF:/home/hanuz06/Desktop/LHL-tasks/team-peppermint/client/src/components/CreateGroupChat/index.js
FN:16,(anonymous_0)
FN:20,(anonymous_1)
FN:27,(anonymous_2)
FN:28,(anonymous_3)
FN:30,(anonymous_4)
FN:36,(anonymous_5)
FN:40,(anonymous_6)
FN:47,(anonymous_7)
FN:48,(anonymous_8)
FN:49,(anonymous_9)
FN:62,(anonymous_10)
FNF:11
FNH:0
FNDA:0,(anonymous_0)
FNDA:0,(anonymous_1)
FNDA:0,(anonymous_2)
FNDA:0,(anonymous_3)
FNDA:0,(anonymous_4)
FNDA:0,(anonymous_5)
FNDA:0,(anonymous_6)
FNDA:0,(anonymous_7)
FNDA:0,(anonymous_8)
FNDA:0,(anonymous_9)
FNDA:0,(anonymous_10)
DA:16,1
DA:17,0
DA:18,0
DA:19,0
DA:20,0
DA:21,0
DA:27,0
DA:28,0
DA:29,0
DA:30,0
DA:31,0
DA:33,0
DA:35,0
DA:37,0
DA:38,0
DA:41,0
DA:42,0
DA:43,0
DA:47,0
DA:48,0
DA:49,0
DA:56,0
DA:63,0
LF:23
LH:1
BRDA:29,0,0,0
BRDA:29,0,1,0
BRDA:41,1,0,0
BRDA:41,1,1,0
BRDA:61,2,0,0
BRDA:61,2,1,0
BRF:6
BRH:0
end_of_record
TN:
SF:/home/hanuz06/Desktop/LHL-tasks/team-peppermint/client/src/components/EmojiButton/index.js
FN:6,(anonymous_0)
FN:8,(anonymous_1)
FN:11,(anonymous_2)
FN:39,(anonymous_3)
FNF:4
FNH:1
FNDA:1,(anonymous_0)
FNDA:0,(anonymous_1)
FNDA:0,(anonymous_2)
FNDA:0,(anonymous_3)
DA:6,2
DA:7,1
DA:8,1
DA:9,0
DA:11,1
DA:12,0
DA:14,1
DA:39,0
LF:8
LH:5
BRDA:22,0,0,0
BRDA:22,0,1,1
BRF:2
BRH:1
end_of_record
TN:
SF:/home/hanuz06/Desktop/LHL-tasks/team-peppermint/client/src/components/EmojiButton/style.js
FN:8,(anonymous_0)
FNF:1
FNH:0
FNDA:0,(anonymous_0)
DA:4,2
DA:9,0
LF:2
LH:1
BRF:0
BRH:0
end_of_record
TN:
SF:/home/hanuz06/Desktop/LHL-tasks/team-peppermint/client/src/components/ImageInputView/index.js
FN:4,(anonymous_0)
FNF:1
FNH:0
FNDA:0,(anonymous_0)
DA:4,1
DA:5,0
LF:2
LH:1
BRF:0
BRH:0
end_of_record
TN:
SF:/home/hanuz06/Desktop/LHL-tasks/team-peppermint/client/src/components/InvitationItem/index.js
FN:7,(anonymous_0)
FN:25,(anonymous_1)
FN:34,(anonymous_2)
FNF:3
FNH:0
FNDA:0,(anonymous_0)
FNDA:0,(anonymous_1)
FNDA:0,(anonymous_2)
DA:7,1
DA:12,0
DA:13,0
DA:15,0
DA:25,0
DA:34,0
DA:45,1
LF:7
LH:2
BRDA:23,0,0,0
BRDA:23,0,1,0
BRDA:31,1,0,0
BRDA:31,1,1,0
BRF:4
BRH:0
end_of_record
TN:
SF:/home/hanuz06/Desktop/LHL-tasks/team-peppermint/client/src/components/InvitationItem/style.js
FN:3,(anonymous_0)
FNF:1
FNH:0
FNDA:0,(anonymous_0)
DA:3,1
LF:1
LH:1
BRF:0
BRH:0
end_of_record
TN:
SF:/home/hanuz06/Desktop/LHL-tasks/team-peppermint/client/src/components/MessageItem/style.js
FN:3,(anonymous_0)
FNF:1
FNH:0
FNDA:0,(anonymous_0)
DA:3,1
LF:1
LH:1
BRF:0
BRH:0
end_of_record
TN:
SF:/home/hanuz06/Desktop/LHL-tasks/team-peppermint/client/src/components/PictureModal/index.js
FN:6,(anonymous_0)
FNF:1
FNH:0
FNDA:0,(anonymous_0)
DA:6,1
DA:7,0
DA:9,0
DA:35,1
LF:4
LH:2
BRDA:24,0,0,0
BRDA:24,0,1,0
BRF:2
BRH:0
end_of_record
TN:
SF:/home/hanuz06/Desktop/LHL-tasks/team-peppermint/client/src/components/PictureModal/style.js
FN:3,(anonymous_0)
FNF:1
FNH:0
FNDA:0,(anonymous_0)
DA:3,1
LF:1
LH:1
BRF:0
BRH:0
end_of_record
TN:
SF:/home/hanuz06/Desktop/LHL-tasks/team-peppermint/client/src/components/UserAvatar/index.js
FN:7,(anonymous_0)
FNF:1
FNH:1
FNDA:1,(anonymous_0)
DA:7,2
DA:8,1
DA:9,1
DA:11,1
DA:16,1
DA:18,0
DA:21,1
DA:64,2
LF:8
LH:7
BRDA:11,0,0,1
BRDA:11,0,1,0
BRDA:12,1,0,1
BRDA:12,1,1,1
BRDA:12,1,2,1
BRDA:23,2,0,1
BRDA:23,2,1,0
BRF:7
BRH:5
end_of_record
TN:
SF:/home/hanuz06/Desktop/LHL-tasks/team-peppermint/client/src/components/UserAvatar/style.js
FN:4,(anonymous_0)
FN:17,(anonymous_1)
FN:51,(anonymous_2)
FNF:3
FNH:1
FNDA:0,(anonymous_0)
FNDA:0,(anonymous_1)
FNDA:1,(anonymous_2)
DA:4,2
DA:17,2
DA:51,2
LF:3
LH:3
BRF:0
BRH:0
end_of_record
TN:
SF:/home/hanuz06/Desktop/LHL-tasks/team-peppermint/client/src/components/bgImage/index.js
FN:52,BackgroundImage
FNF:1
FNH:0
FNDA:0,BackgroundImage
DA:7,0
DA:53,0
DA:54,0
LF:3
LH:0
BRF:0
BRH:0
end_of_record
TN:
SF:/home/hanuz06/Desktop/LHL-tasks/team-peppermint/client/src/components/formPageHeader/index.js
FN:6,(anonymous_0)
FN:38,FormPageHeader
FN:42,checkNav
FNF:3
FNH:0
FNDA:0,(anonymous_0)
FNDA:0,FormPageHeader
FNDA:0,checkNav
DA:6,0
DA:39,0
DA:43,0
DA:44,0
DA:46,0
DA:49,0
DA:51,0
LF:7
LH:0
BRDA:43,0,0,0
BRDA:43,0,1,0
BRF:2
BRH:0
end_of_record
TN:
SF:/home/hanuz06/Desktop/LHL-tasks/team-peppermint/client/src/components/userAuthForm/index.js
FN:29,Alert
FN:33,UserAuthForm
FN:62,validateInput
FN:78,(anonymous_3)
FN:78,(anonymous_4)
FN:83,(anonymous_5)
FN:86,(anonymous_6)
FN:92,(anonymous_7)
FN:98,(anonymous_8)
FN:106,(anonymous_9)
FN:108,validateEmail
FN:114,validateName
FN:118,validatePass
FN:126,isFormValid
FN:145,resetInputs
FN:152,(anonymous_15)
FN:211,(anonymous_16)
FN:214,(anonymous_17)
FN:218,(anonymous_18)
FNF:19
FNH:0
FNDA:0,Alert
FNDA:0,UserAuthForm
FNDA:0,validateInput
FNDA:0,(anonymous_3)
FNDA:0,(anonymous_4)
FNDA:0,(anonymous_5)
FNDA:0,(anonymous_6)
FNDA:0,(anonymous_7)
FNDA:0,(anonymous_8)
FNDA:0,(anonymous_9)
FNDA:0,validateEmail
FNDA:0,validateName
FNDA:0,validatePass
FNDA:0,isFormValid
FNDA:0,resetInputs
FNDA:0,(anonymous_15)
FNDA:0,(anonymous_16)
FNDA:0,(anonymous_17)
FNDA:0,(anonymous_18)
DA:22,0
DA:24,0
DA:25,0
DA:27,0
DA:28,0
DA:30,0
DA:34,0
DA:35,0
DA:36,0
DA:37,0
DA:38,0
DA:39,0
DA:40,0
DA:41,0
DA:44,0
DA:45,0
DA:47,0
DA:52,0
DA:53,0
DA:54,0
DA:57,0
DA:58,0
DA:59,0
DA:64,0
DA:65,0
DA:71,0
DA:78,0
DA:79,0
DA:80,0
DA:83,0
DA:84,0
DA:86,0
DA:87,0
DA:88,0
DA:89,0
DA:92,0
DA:93,0
DA:94,0
DA:95,0
DA:98,0
DA:99,0
DA:100,0
DA:101,0
DA:105,0
DA:106,0
DA:109,0
DA:110,0
DA:111,0
DA:112,0
DA:115,0
DA:116,0
DA:119,0
DA:120,0
DA:121,0
DA:123,0
DA:128,0
DA:129,0
DA:131,0
DA:132,0
DA:133,0
DA:134,0
DA:135,0
DA:138,0
DA:146,0
DA:147,0
DA:148,0
DA:149,0
DA:152,0
DA:153,0
DA:154,0
DA:155,0
DA:158,0
DA:159,0
DA:163,0
DA:165,0
DA:172,0
DA:173,0
DA:180,0
DA:181,0
DA:182,0
DA:183,0
DA:184,0
DA:188,0
DA:190,0
DA:194,0
DA:198,0
DA:199,0
DA:200,0
DA:201,0
DA:202,0
DA:206,0
DA:207,0
DA:211,0
DA:212,0
DA:214,0
DA:215,0
DA:218,0
DA:219,0
DA:222,0
LF:99
LH:0
BRDA:57,0,0,0
BRDA:57,0,1,0
BRDA:57,1,0,0
BRDA:57,1,1,0
BRDA:64,2,0,0
BRDA:64,2,1,0
BRDA:88,3,0,0
BRDA:88,3,1,0
BRDA:94,4,0,0
BRDA:94,4,1,0
BRDA:100,5,0,0
BRDA:100,5,1,0
BRDA:111,6,0,0
BRDA:111,6,1,0
BRDA:115,7,0,0
BRDA:115,7,1,0
BRDA:120,8,0,0
BRDA:120,8,1,0
BRDA:131,9,0,0
BRDA:131,9,1,0
BRDA:132,10,0,0
BRDA:132,10,1,0
BRDA:133,11,0,0
BRDA:133,11,1,0
BRDA:135,12,0,0
BRDA:135,12,1,0
BRDA:139,13,0,0
BRDA:139,13,1,0
BRDA:139,13,2,0
BRDA:139,14,0,0
BRDA:139,14,1,0
BRDA:153,15,0,0
BRDA:153,15,1,0
BRDA:158,16,0,0
BRDA:158,16,1,0
BRDA:159,17,0,0
BRDA:159,17,1,0
BRDA:206,18,0,0
BRDA:206,18,1,0
BRDA:226,19,0,0
BRDA:226,19,1,0
BRDA:237,20,0,0
BRDA:237,20,1,0
BRDA:250,21,0,0
BRDA:250,21,1,0
BRDA:262,22,0,0
BRDA:262,22,1,0
BRDA:264,23,0,0
BRDA:264,23,1,0
BRDA:309,24,0,0
BRDA:309,24,1,0
BRDA:315,25,0,0
BRDA:315,25,1,0
BRF:53
BRH:0
end_of_record
TN:
SF:/home/hanuz06/Desktop/LHL-tasks/team-peppermint/client/src/components/userAuthForm/style.js
FN:3,(anonymous_0)
FNF:1
FNH:0
FNDA:0,(anonymous_0)
DA:3,0
LF:1
LH:0
BRF:0
BRH:0
end_of_record
TN:
SF:/home/hanuz06/Desktop/LHL-tasks/team-peppermint/client/src/containers/ChatList/index.js
FN:9,(anonymous_0)
FN:13,(anonymous_1)
FN:19,(anonymous_2)
FNF:3
FNH:0
FNDA:0,(anonymous_0)
FNDA:0,(anonymous_1)
FNDA:0,(anonymous_2)
DA:9,1
DA:10,0
DA:11,0
DA:12,0
DA:13,0
DA:14,0
DA:16,0
DA:20,0
DA:21,0
DA:37,0
LF:10
LH:1
BRDA:18,0,0,0
BRDA:18,0,1,0
BRDA:20,1,0,0
BRDA:20,1,1,0
BRDA:20,2,0,0
BRDA:20,2,1,0
BRDA:20,2,2,0
BRDA:29,3,0,0
BRDA:29,3,1,0
BRF:9
BRH:0
end_of_record
TN:
SF:/home/hanuz06/Desktop/LHL-tasks/team-peppermint/client/src/containers/ChatList/style.js
FN:3,(anonymous_0)
FNF:1
FNH:0
FNDA:0,(anonymous_0)
DA:3,1
LF:1
LH:1
BRF:0
BRH:0
end_of_record
TN:
SF:/home/hanuz06/Desktop/LHL-tasks/team-peppermint/client/src/containers/ContactsList/index.js
FN:19,(anonymous_0)
FN:29,(anonymous_1)
FN:33,(anonymous_2)
FN:43,(anonymous_3)
FN:47,(anonymous_4)
FN:51,(anonymous_5)
FN:54,(anonymous_6)
FN:57,(anonymous_7)
FN:59,(anonymous_8)
FN:64,(anonymous_9)
FN:69,(anonymous_10)
FN:80,(anonymous_11)
FN:86,(anonymous_12)
FN:95,(anonymous_13)
FN:101,(anonymous_14)
FN:103,(anonymous_15)
FN:106,(anonymous_16)
FN:114,(anonymous_17)
FN:129,(anonymous_18)
FN:160,(anonymous_19)
FNF:20
FNH:0
FNDA:0,(anonymous_0)
FNDA:0,(anonymous_1)
FNDA:0,(anonymous_2)
FNDA:0,(anonymous_3)
FNDA:0,(anonymous_4)
FNDA:0,(anonymous_5)
FNDA:0,(anonymous_6)
FNDA:0,(anonymous_7)
FNDA:0,(anonymous_8)
FNDA:0,(anonymous_9)
FNDA:0,(anonymous_10)
FNDA:0,(anonymous_11)
FNDA:0,(anonymous_12)
FNDA:0,(anonymous_13)
FNDA:0,(anonymous_14)
FNDA:0,(anonymous_15)
FNDA:0,(anonymous_16)
FNDA:0,(anonymous_17)
FNDA:0,(anonymous_18)
FNDA:0,(anonymous_19)
DA:19,1
DA:20,0
DA:21,0
DA:23,0
DA:25,0
DA:26,0
DA:27,0
DA:29,0
DA:30,0
DA:31,0
DA:33,0
DA:34,0
DA:35,0
DA:38,0
DA:39,0
DA:40,0
DA:41,0
DA:43,0
DA:44,0
DA:47,0
DA:48,0
DA:50,0
DA:51,0
DA:52,0
DA:54,0
DA:55,0
DA:57,0
DA:58,0
DA:59,0
DA:60,0
DA:61,0
DA:64,0
DA:65,0
DA:66,0
DA:67,0
DA:68,0
DA:69,0
DA:70,0
DA:72,0
DA:74,0
DA:75,0
DA:76,0
DA:77,0
DA:78,0
DA:81,0
DA:84,0
DA:87,0
DA:88,0
DA:89,0
DA:94,0
DA:95,0
DA:96,0
DA:101,0
DA:102,0
DA:103,0
DA:104,0
DA:106,0
DA:107,0
DA:111,0
DA:114,0
DA:129,0
DA:161,0
LF:62
LH:1
BRDA:66,0,0,0
BRDA:66,0,1,0
BRDA:76,1,0,0
BRDA:76,1,1,0
BRDA:87,2,0,0
BRDA:87,2,1,0
BRDA:89,3,0,0
BRDA:89,3,1,0
BRDA:159,4,0,0
BRDA:159,4,1,0
BRF:10
BRH:0
end_of_record
TN:
SF:/home/hanuz06/Desktop/LHL-tasks/team-peppermint/client/src/containers/ContactsList/style.js
FN:3,(anonymous_0)
FNF:1
FNH:0
FNDA:0,(anonymous_0)
DA:3,1
LF:1
LH:1
BRF:0
BRH:0
end_of_record
TN:
SF:/home/hanuz06/Desktop/LHL-tasks/team-peppermint/client/src/containers/InvitationsList/index.js
FN:14,(anonymous_0)
FN:23,(anonymous_1)
FN:29,(anonymous_2)
FN:33,(anonymous_3)
FN:36,(anonymous_4)
FN:43,(anonymous_5)
FNF:6
FNH:0
FNDA:0,(anonymous_0)
FNDA:0,(anonymous_1)
FNDA:0,(anonymous_2)
FNDA:0,(anonymous_3)
FNDA:0,(anonymous_4)
FNDA:0,(anonymous_5)
DA:14,1
DA:15,0
DA:16,0
DA:18,0
DA:19,0
DA:21,0
DA:23,0
DA:24,0
DA:29,0
DA:30,0
DA:33,0
DA:34,0
DA:36,0
DA:37,0
DA:39,0
DA:44,0
LF:16
LH:1
BRDA:24,0,0,0
BRDA:24,0,1,0
BRDA:24,0,2,0
BRDA:42,1,0,0
BRDA:42,1,1,0
BRF:5
BRH:0
end_of_record
TN:
SF:/home/hanuz06/Desktop/LHL-tasks/team-peppermint/client/src/containers/InvitationsList/style.js
FN:3,(anonymous_0)
FNF:1
FNH:0
FNDA:0,(anonymous_0)
DA:3,1
LF:1
LH:1
BRF:0
BRH:0
end_of_record
TN:
SF:/home/hanuz06/Desktop/LHL-tasks/team-peppermint/client/src/containers/LoginPage/index.js
FN:9,LoginPage
FNF:1
FNH:0
FNDA:0,LoginPage
DA:11,0
LF:1
LH:0
BRF:0
BRH:0
end_of_record
TN:
SF:/home/hanuz06/Desktop/LHL-tasks/team-peppermint/client/src/containers/MainContentField/index.js
FN:7,(anonymous_0)
FNF:1
FNH:0
FNDA:0,(anonymous_0)
DA:7,1
DA:8,0
DA:10,0
DA:12,0
LF:4
LH:1
BRDA:15,0,0,0
BRDA:15,0,1,0
BRF:2
BRH:0
end_of_record
TN:
SF:/home/hanuz06/Desktop/LHL-tasks/team-peppermint/client/src/containers/MainContentField/style.js
FN:3,(anonymous_0)
FNF:1
FNH:0
FNDA:0,(anonymous_0)
DA:3,1
LF:1
LH:1
BRF:0
BRH:0
end_of_record
TN:
SF:/home/hanuz06/Desktop/LHL-tasks/team-peppermint/client/src/containers/MainContentFieldNavBar/index.js
FN:8,(anonymous_0)
FN:14,(anonymous_1)
FN:62,(anonymous_2)
FNF:3
FNH:1
FNDA:1,(anonymous_0)
FNDA:0,(anonymous_1)
FNDA:0,(anonymous_2)
DA:8,2
DA:9,1
DA:10,1
DA:11,1
DA:12,1
DA:14,1
DA:15,0
DA:16,0
DA:19,1
DA:62,0
LF:10
LH:7
BRDA:38,0,0,0
BRDA:38,0,1,1
BRF:2
BRH:1
end_of_record
TN:
SF:/home/hanuz06/Desktop/LHL-tasks/team-peppermint/client/src/containers/MainContentFieldNavBar/style.js
FN:4,(anonymous_0)
FN:46,(anonymous_1)
FNF:2
FNH:1
FNDA:1,(anonymous_0)
FNDA:0,(anonymous_1)
DA:4,2
DA:46,2
LF:2
LH:2
BRF:0
BRH:0
end_of_record
TN:
SF:/home/hanuz06/Desktop/LHL-tasks/team-peppermint/client/src/containers/MainPage/index.js
FN:7,(anonymous_0)
FNF:1
FNH:1
FNDA:1,(anonymous_0)
DA:7,1
DA:8,1
DA:9,1
DA:10,1
DA:12,1
LF:5
LH:5
BRF:0
BRH:0
end_of_record
TN:
SF:/home/hanuz06/Desktop/LHL-tasks/team-peppermint/client/src/containers/MainPage/style.js
FN:3,(anonymous_0)
FNF:1
FNH:1
FNDA:1,(anonymous_0)
DA:3,1
LF:1
LH:1
BRF:0
BRH:0
end_of_record
TN:
SF:/home/hanuz06/Desktop/LHL-tasks/team-peppermint/client/src/containers/MessageField/helper.js
FN:5,(anonymous_0)
FN:7,(anonymous_1)
FN:10,(anonymous_2)
FN:13,(anonymous_3)
FN:16,(anonymous_4)
FN:20,(anonymous_5)
FN:22,(anonymous_6)
FN:23,(anonymous_7)
FN:32,(anonymous_8)
FN:45,(anonymous_9)
FNF:10
FNH:0
FNDA:0,(anonymous_0)
FNDA:0,(anonymous_1)
FNDA:0,(anonymous_2)
FNDA:0,(anonymous_3)
FNDA:0,(anonymous_4)
FNDA:0,(anonymous_5)
FNDA:0,(anonymous_6)
FNDA:0,(anonymous_7)
FNDA:0,(anonymous_8)
FNDA:0,(anonymous_9)
DA:5,1
DA:6,0
DA:8,0
DA:9,0
DA:10,0
DA:11,0
DA:12,0
DA:14,0
DA:16,0
DA:20,0
DA:22,1
DA:23,0
DA:24,0
DA:25,0
DA:26,0
DA:28,0
DA:32,1
DA:33,0
DA:38,0
DA:39,0
DA:41,0
DA:42,0
DA:44,0
DA:45,0
DA:46,0
DA:47,0
DA:50,0
DA:54,0
LF:28
LH:3
BRDA:11,0,0,0
BRDA:11,0,1,0
BRDA:11,1,0,0
BRDA:11,1,1,0
BRDA:38,2,0,0
BRDA:38,2,1,0
BRDA:41,3,0,0
BRDA:41,3,1,0
BRDA:44,4,0,0
BRDA:44,4,1,0
BRDA:46,5,0,0
BRDA:46,5,1,0
BRF:12
BRH:0
end_of_record
TN:
SF:/home/hanuz06/Desktop/LHL-tasks/team-peppermint/client/src/containers/MessageField/index.js
FN:30,(anonymous_0)
FN:51,(anonymous_1)
FN:53,(anonymous_2)
FN:56,(anonymous_3)
FN:59,(anonymous_4)
FN:64,(anonymous_5)
FN:68,(anonymous_6)
FN:72,(anonymous_7)
FN:76,(anonymous_8)
FN:82,(anonymous_9)
FN:87,(anonymous_10)
FN:88,(anonymous_11)
FN:97,(anonymous_12)
FN:100,(anonymous_13)
FN:103,(anonymous_14)
FN:106,(anonymous_15)
FN:109,(anonymous_16)
FN:113,(anonymous_17)
FN:118,(anonymous_18)
FN:120,(anonymous_19)
FN:123,(anonymous_20)
FN:124,(anonymous_21)
FN:138,(anonymous_22)
FN:151,(anonymous_23)
FN:154,(anonymous_24)
FN:157,(anonymous_25)
FN:164,(anonymous_26)
FN:201,(anonymous_27)
FN:202,(anonymous_28)
FNF:29
FNH:0
FNDA:0,(anonymous_0)
FNDA:0,(anonymous_1)
FNDA:0,(anonymous_2)
FNDA:0,(anonymous_3)
FNDA:0,(anonymous_4)
FNDA:0,(anonymous_5)
FNDA:0,(anonymous_6)
FNDA:0,(anonymous_7)
FNDA:0,(anonymous_8)
FNDA:0,(anonymous_9)
FNDA:0,(anonymous_10)
FNDA:0,(anonymous_11)
FNDA:0,(anonymous_12)
FNDA:0,(anonymous_13)
FNDA:0,(anonymous_14)
FNDA:0,(anonymous_15)
FNDA:0,(anonymous_16)
FNDA:0,(anonymous_17)
FNDA:0,(anonymous_18)
FNDA:0,(anonymous_19)
FNDA:0,(anonymous_20)
FNDA:0,(anonymous_21)
FNDA:0,(anonymous_22)
FNDA:0,(anonymous_23)
FNDA:0,(anonymous_24)
FNDA:0,(anonymous_25)
FNDA:0,(anonymous_26)
FNDA:0,(anonymous_27)
FNDA:0,(anonymous_28)
DA:30,1
DA:32,0
DA:33,0
DA:34,0
DA:35,0
DA:36,0
DA:38,0
DA:40,0
DA:41,0
DA:42,0
DA:43,0
DA:44,0
DA:45,0
DA:47,0
DA:48,0
DA:49,0
DA:50,0
DA:51,0
DA:53,0
DA:54,0
DA:56,0
DA:57,0
DA:59,0
DA:60,0
DA:61,0
DA:62,0
DA:64,0
DA:65,0
DA:66,0
DA:68,0
DA:69,0
DA:70,0
DA:72,0
DA:73,0
DA:74,0
DA:76,0
DA:77,0
DA:82,0
DA:83,0
DA:84,0
DA:85,0
DA:86,0
DA:88,0
DA:89,0
DA:90,0
DA:91,0
DA:92,0
DA:93,0
DA:94,0
DA:97,0
DA:100,0
DA:101,0
DA:103,0
DA:104,0
DA:106,0
DA:107,0
DA:109,0
DA:110,0
DA:114,0
DA:118,0
DA:119,0
DA:120,0
DA:121,0
DA:123,0
DA:124,0
DA:125,0
DA:127,0
DA:128,0
DA:138,0
DA:139,0
DA:140,0
DA:151,0
DA:152,0
DA:153,0
DA:155,0
DA:157,0
DA:160,0
DA:165,0
DA:166,0
DA:167,0
DA:186,0
DA:201,0
DA:202,0
DA:239,1
LF:84
LH:2
BRDA:51,0,0,0
BRDA:51,0,1,0
BRDA:85,1,0,0
BRDA:85,1,1,0
BRDA:85,2,0,0
BRDA:85,2,1,0
BRDA:93,3,0,0
BRDA:93,3,1,0
BRDA:114,4,0,0
BRDA:114,4,1,0
BRDA:127,5,0,0
BRDA:127,5,1,0
BRDA:152,6,0,0
BRDA:152,6,1,0
BRDA:163,7,0,0
BRDA:163,7,1,0
BRDA:165,8,0,0
BRDA:165,8,1,0
BRDA:165,9,0,0
BRDA:165,9,1,0
BRDA:165,9,2,0
BRDA:166,10,0,0
BRDA:166,10,1,0
BRDA:170,11,0,0
BRDA:170,11,1,0
BRDA:173,12,0,0
BRDA:173,12,1,0
BRDA:174,13,0,0
BRDA:174,13,1,0
BRDA:180,14,0,0
BRDA:180,14,1,0
BRDA:193,15,0,0
BRDA:193,15,1,0
BRDA:205,16,0,0
BRDA:205,16,1,0
BRDA:209,17,0,0
BRDA:209,17,1,0
BRF:37
BRH:0
end_of_record
TN:
SF:/home/hanuz06/Desktop/LHL-tasks/team-peppermint/client/src/containers/MessageField/style.js
FN:3,(anonymous_0)
FNF:1
FNH:0
FNDA:0,(anonymous_0)
DA:3,1
LF:1
LH:1
BRF:0
BRH:0
end_of_record
TN:
SF:/home/hanuz06/Desktop/LHL-tasks/team-peppermint/client/src/containers/Sidebar/index.js
FN:6,(anonymous_0)
FNF:1
FNH:0
FNDA:0,(anonymous_0)
DA:6,1
DA:7,0
DA:9,0
LF:3
LH:1
BRF:0
BRH:0
end_of_record
TN:
SF:/home/hanuz06/Desktop/LHL-tasks/team-peppermint/client/src/containers/Sidebar/style.js
FN:3,(anonymous_0)
FNF:1
FNH:0
FNDA:0,(anonymous_0)
DA:3,1
LF:1
LH:1
BRF:0
BRH:0
end_of_record
TN:
SF:/home/hanuz06/Desktop/LHL-tasks/team-peppermint/client/src/containers/SidebarInfo/index.js
FN:36,TabPanel
FN:58,a11yProps
FN:65,(anonymous_2)
FN:79,(anonymous_3)
FN:84,(anonymous_4)
FN:88,(anonymous_5)
FN:93,(anonymous_6)
FN:100,(anonymous_7)
FN:104,(anonymous_8)
FN:110,(anonymous_9)
FN:114,(anonymous_10)
FN:165,(anonymous_11)
FNF:12
FNH:0
FNDA:0,TabPanel
FNDA:0,a11yProps
FNDA:0,(anonymous_2)
FNDA:0,(anonymous_3)
FNDA:0,(anonymous_4)
FNDA:0,(anonymous_5)
FNDA:0,(anonymous_6)
FNDA:0,(anonymous_7)
FNDA:0,(anonymous_8)
FNDA:0,(anonymous_9)
FNDA:0,(anonymous_10)
FNDA:0,(anonymous_11)
DA:37,0
DA:39,0
DA:52,1
DA:59,0
DA:65,1
DA:66,0
DA:67,0
DA:68,0
DA:69,0
DA:70,0
DA:72,0
DA:73,0
DA:74,0
DA:75,0
DA:76,0
DA:77,0
DA:79,0
DA:80,0
DA:81,0
DA:84,0
DA:85,0
DA:88,0
DA:89,0
DA:93,0
DA:94,0
DA:100,0
DA:101,0
DA:104,0
DA:105,0
DA:106,0
DA:107,0
DA:108,0
DA:109,0
DA:110,0
DA:114,0
DA:115,0
DA:116,0
DA:119,0
DA:165,0
LF:39
LH:2
BRDA:47,0,0,0
BRDA:47,0,1,0
BRDA:80,1,0,0
BRDA:80,1,1,0
BRDA:80,2,0,0
BRDA:80,2,1,0
BRDA:85,3,0,0
BRDA:85,3,1,0
BRDA:89,4,0,0
BRDA:89,4,1,0
BRDA:89,4,2,0
BRDA:94,5,0,0
BRDA:94,5,1,0
BRDA:94,5,2,0
BRDA:108,6,0,0
BRDA:108,6,1,0
BRDA:135,7,0,0
BRDA:135,7,1,0
BRF:18
BRH:0
end_of_record
TN:
SF:/home/hanuz06/Desktop/LHL-tasks/team-peppermint/client/src/containers/SidebarInfo/style.js
FN:3,(anonymous_0)
FNF:1
FNH:0
FNDA:0,(anonymous_0)
DA:3,1
LF:1
LH:1
BRF:0
BRH:0
end_of_record
TN:
SF:/home/hanuz06/Desktop/LHL-tasks/team-peppermint/client/src/containers/SidebarNavBar/index.js
FN:30,(anonymous_0)
FN:42,(anonymous_1)
FN:46,(anonymous_2)
FN:50,(anonymous_3)
FN:54,(anonymous_4)
FN:61,(anonymous_5)
FN:96,(anonymous_6)
FN:108,(anonymous_7)
FNF:8
FNH:0
FNDA:0,(anonymous_0)
FNDA:0,(anonymous_1)
FNDA:0,(anonymous_2)
FNDA:0,(anonymous_3)
FNDA:0,(anonymous_4)
FNDA:0,(anonymous_5)
FNDA:0,(anonymous_6)
FNDA:0,(anonymous_7)
DA:30,1
DA:31,0
DA:32,0
DA:33,0
DA:34,0
DA:36,0
DA:37,0
DA:38,0
DA:39,0
DA:40,0
DA:42,0
DA:43,0
DA:46,0
DA:47,0
DA:50,0
DA:51,0
DA:54,0
DA:55,0
DA:56,0
DA:57,0
DA:58,0
DA:61,0
DA:62,0
DA:63,0
DA:64,0
DA:65,0
DA:66,0
DA:67,0
DA:70,0
DA:96,0
DA:109,0
DA:110,0
LF:32
LH:1
BRF:0
BRH:0
end_of_record
TN:
SF:/home/hanuz06/Desktop/LHL-tasks/team-peppermint/client/src/containers/SidebarNavBar/style.js
FN:3,(anonymous_0)
FNF:1
FNH:0
FNDA:0,(anonymous_0)
DA:3,1
LF:1
LH:1
BRF:0
BRH:0
end_of_record
TN:
SF:/home/hanuz06/Desktop/LHL-tasks/team-peppermint/client/src/containers/SignupPage/index.js
FN:7,SignupPage
FNF:1
FNH:0
FNDA:0,SignupPage
DA:9,0
LF:1
LH:0
BRF:0
BRH:0
end_of_record
TN:
SF:/home/hanuz06/Desktop/LHL-tasks/team-peppermint/client/src/context/SelectConversation.js
FNF:0
FNH:0
LF:0
LH:0
BRF:0
BRH:0
end_of_record
TN:
SF:/home/hanuz06/Desktop/LHL-tasks/team-peppermint/client/src/context/ToggleLanguage.js
FNF:0
FNH:0
LF:0
LH:0
BRF:0
BRH:0
end_of_record
TN:
SF:/home/hanuz06/Desktop/LHL-tasks/team-peppermint/client/src/context/contacts/contactsContext.js
FN:19,ContactsProvider
FN:35,useContactsState
FN:39,useContactsDispatch
FNF:3
FNH:0
FNDA:0,ContactsProvider
FNDA:0,useContactsState
FNDA:0,useContactsDispatch
DA:16,1
DA:17,1
DA:20,0
DA:26,0
DA:36,0
DA:37,0
DA:40,0
DA:41,0
LF:8
LH:2
BRF:0
BRH:0
end_of_record
TN:
SF:/home/hanuz06/Desktop/LHL-tasks/team-peppermint/client/src/context/contacts/contactsInvitationsReducer.js
FN:9,contactsInvitaitionsReducer
FNF:1
FNH:0
FNDA:0,contactsInvitaitionsReducer
DA:10,0
DA:12,0
DA:19,0
DA:25,0
DA:31,0
DA:37,0
DA:45,0
LF:7
LH:0
BRDA:10,0,0,0
BRDA:10,0,1,0
BRDA:10,0,2,0
BRDA:10,0,3,0
BRDA:10,0,4,0
BRDA:10,0,5,0
BRF:6
BRH:0
end_of_record
TN:
SF:/home/hanuz06/Desktop/LHL-tasks/team-peppermint/client/src/context/contacts/helper.js
FN:12,(anonymous_0)
FN:26,(anonymous_1)
FN:38,(anonymous_2)
FN:52,(anonymous_3)
FN:68,(anonymous_4)
FN:79,(anonymous_5)
FN:98,(anonymous_6)
FN:118,(anonymous_7)
FN:135,(anonymous_8)
FN:141,(anonymous_9)
FNF:10
FNH:0
FNDA:0,(anonymous_0)
FNDA:0,(anonymous_1)
FNDA:0,(anonymous_2)
FNDA:0,(anonymous_3)
FNDA:0,(anonymous_4)
FNDA:0,(anonymous_5)
FNDA:0,(anonymous_6)
FNDA:0,(anonymous_7)
FNDA:0,(anonymous_8)
FNDA:0,(anonymous_9)
DA:10,1
DA:12,1
DA:13,0
DA:14,0
DA:15,0
DA:17,0
DA:26,1
DA:27,0
DA:32,0
DA:33,0
DA:35,0
DA:38,1
DA:39,0
DA:40,0
DA:46,0
DA:48,0
DA:52,1
DA:53,0
DA:54,0
DA:60,0
DA:62,0
DA:64,0
DA:68,1
DA:69,0
DA:70,0
DA:73,0
DA:75,0
DA:79,1
DA:84,0
DA:85,0
DA:86,0
DA:87,0
DA:93,0
DA:94,0
DA:98,1
DA:99,0
DA:100,0
DA:104,0
DA:105,0
DA:109,0
DA:111,0
DA:114,0
DA:115,0
DA:118,1
DA:119,0
DA:120,0
DA:121,0
DA:122,0
DA:123,0
DA:130,0
DA:131,0
DA:135,1
DA:136,0
DA:141,1
DA:142,0
DA:143,0
DA:144,0
DA:145,0
DA:147,0
LF:59
LH:11
BRDA:14,0,0,0
BRDA:14,0,1,0
BRDA:32,1,0,0
BRDA:32,1,1,0
BRDA:85,2,0,0
BRDA:85,2,1,0
BRDA:104,3,0,0
BRDA:104,3,1,0
BRDA:121,4,0,0
BRDA:121,4,1,0
BRDA:144,5,0,0
BRDA:144,5,1,0
BRF:12
BRH:0
end_of_record
TN:
SF:/home/hanuz06/Desktop/LHL-tasks/team-peppermint/client/src/context/contacts/selectConversations/selectConversationsContext.js
FNF:0
FNH:0
DA:7,0
LF:1
LH:0
BRF:0
BRH:0
end_of_record
TN:
SF:/home/hanuz06/Desktop/LHL-tasks/team-peppermint/client/src/context/conversations/conversationsContext.js
FN:8,ConversationsProvider
FN:22,useConversationsState
FN:26,useConversationsDispatch
FNF:3
FNH:0
FNDA:0,ConversationsProvider
FNDA:0,useConversationsState
FNDA:0,useConversationsDispatch
DA:5,1
DA:6,1
DA:9,0
DA:13,0
DA:23,0
DA:24,0
DA:27,0
DA:28,0
LF:8
LH:2
BRF:0
BRH:0
end_of_record
TN:
SF:/home/hanuz06/Desktop/LHL-tasks/team-peppermint/client/src/context/conversations/conversationsReducer.js
FN:3,conversationsReducer
FNF:1
FNH:0
FNDA:0,conversationsReducer
DA:4,0
DA:6,0
DA:11,0
DA:16,0
LF:4
LH:0
BRDA:4,0,0,0
BRDA:4,0,1,0
BRDA:4,0,2,0
BRF:3
BRH:0
end_of_record
TN:
SF:/home/hanuz06/Desktop/LHL-tasks/team-peppermint/client/src/context/conversations/helper.js
FN:4,(anonymous_0)
FN:17,(anonymous_1)
FNF:2
FNH:0
FNDA:0,(anonymous_0)
FNDA:0,(anonymous_1)
DA:4,1
DA:5,0
DA:6,0
DA:7,0
DA:9,0
DA:17,1
DA:18,0
LF:7
LH:2
BRDA:6,0,0,0
BRDA:6,0,1,0
BRF:2
BRH:0
end_of_record
TN:
SF:/home/hanuz06/Desktop/LHL-tasks/team-peppermint/client/src/context/messages/helper.js
FN:3,(anonymous_0)
FNF:1
FNH:0
FNDA:0,(anonymous_0)
DA:3,1
DA:4,0
DA:5,0
DA:8,0
DA:10,0
LF:5
LH:1
BRF:0
BRH:0
end_of_record
TN:
SF:/home/hanuz06/Desktop/LHL-tasks/team-peppermint/client/src/context/user/helper.js
FN:4,(anonymous_0)
FN:19,(anonymous_1)
FN:29,(anonymous_2)
FNF:3
FNH:0
FNDA:0,(anonymous_0)
FNDA:0,(anonymous_1)
FNDA:0,(anonymous_2)
DA:4,1
DA:5,0
DA:7,0
DA:10,0
DA:19,1
DA:20,0
DA:29,1
DA:30,0
LF:8
LH:3
BRF:0
BRH:0
end_of_record
TN:
SF:/home/hanuz06/Desktop/LHL-tasks/team-peppermint/client/src/context/user/userContext.js
FN:8,UserProvider
FN:28,useUserState
FN:33,useUserDispatch
FNF:3
FNH:0
FNDA:0,UserProvider
FNDA:0,useUserState
FNDA:0,useUserDispatch
DA:5,1
DA:6,1
DA:9,0
DA:19,0
DA:29,0
DA:30,0
DA:34,0
DA:35,0
LF:8
LH:2
BRF:0
BRH:0
end_of_record
TN:
SF:/home/hanuz06/Desktop/LHL-tasks/team-peppermint/client/src/context/user/userReducer.js
FN:3,userReducer
FNF:1
FNH:0
FNDA:0,userReducer
DA:4,0
DA:7,0
DA:14,0
DA:20,0
LF:4
LH:0
BRDA:4,0,0,0
BRDA:4,0,1,0
BRDA:4,0,2,0
BRDA:4,0,3,0
BRF:4
BRH:0
end_of_record
TN:
SF:/home/hanuz06/Desktop/LHL-tasks/team-peppermint/client/src/hooks/useWindowDimensions.js
FN:3,getWindowDimensions
FN:11,useWindowDimensions
FN:14,(anonymous_2)
FN:15,handleResize
FN:20,(anonymous_4)
FNF:5
FNH:0
FNDA:0,getWindowDimensions
FNDA:0,useWindowDimensions
FNDA:0,(anonymous_2)
FNDA:0,handleResize
FNDA:0,(anonymous_4)
DA:4,0
DA:5,0
DA:12,0
DA:14,0
DA:16,0
DA:19,0
DA:20,0
DA:23,0
LF:8
LH:0
BRF:0
BRH:0
end_of_record
TN:
SF:/home/hanuz06/Desktop/LHL-tasks/team-peppermint/client/src/lib/fbConfig.js
FNF:0
FNH:0
DA:5,1
DA:17,1
DA:18,1
LF:3
LH:3
BRF:0
BRH:0
end_of_record
TN:
SF:/home/hanuz06/Desktop/LHL-tasks/team-peppermint/client/src/services/getResizedImageUrl.js
FN:1,delay
FN:2,(anonymous_1)
FN:7,keepTrying
FN:14,(anonymous_3)
FN:17,(anonymous_4)
FN:21,(anonymous_5)
FN:24,(anonymous_6)
FNF:7
FNH:0
FNDA:0,delay
FNDA:0,(anonymous_1)
FNDA:0,keepTrying
FNDA:0,(anonymous_3)
FNDA:0,(anonymous_4)
FNDA:0,(anonymous_5)
FNDA:0,(anonymous_6)
DA:2,0
DA:3,0
DA:8,0
DA:9,0
DA:12,0
DA:15,0
DA:18,0
DA:20,0
DA:22,0
DA:24,0
DA:26,0
DA:27,0
LF:12
LH:0
BRDA:8,0,0,0
BRDA:8,0,1,0
BRDA:18,1,0,0
BRDA:18,1,1,0
BRF:4
BRH:0
end_of_record
TN:
SF:/home/hanuz06/Desktop/LHL-tasks/team-peppermint/client/src/services/uploadDeleteUserImage.js
FN:8,(anonymous_0)
FN:31,(anonymous_1)
FN:83,(anonymous_2)
FN:85,(anonymous_3)
FNF:4
FNH:0
FNDA:0,(anonymous_0)
FNDA:0,(anonymous_1)
FNDA:0,(anonymous_2)
FNDA:0,(anonymous_3)
DA:4,1
DA:6,1
DA:8,1
DA:10,0
DA:11,0
DA:12,0
DA:17,0
DA:22,0
DA:23,0
DA:26,0
DA:31,1
DA:32,0
DA:33,0
DA:36,0
DA:38,0
DA:45,0
DA:46,0
DA:48,0
DA:51,0
DA:53,0
DA:54,0
DA:59,0
DA:61,0
DA:62,0
DA:65,0
DA:67,0
DA:69,0
DA:70,0
DA:72,0
DA:75,0
DA:79,0
DA:80,0
DA:83,1
DA:84,0
DA:85,0
DA:86,0
DA:87,0
LF:37
LH:5
BRDA:11,0,0,0
BRDA:11,0,1,0
BRDA:17,1,0,0
BRDA:17,1,1,0
BRDA:18,2,0,0
BRDA:18,2,1,0
BRDA:18,2,2,0
BRDA:45,3,0,0
BRDA:45,3,1,0
BRDA:61,4,0,0
BRDA:61,4,1,0
BRF:11
BRH:0
end_of_record
TN:
SF:/home/hanuz06/Desktop/LHL-tasks/team-peppermint/client/src/socket-client/socket.js
FNF:0
FNH:0
DA:3,1
LF:1
LH:1
BRF:0
BRH:0
end_of_record
TN:
SF:/home/hanuz06/Desktop/LHL-tasks/team-peppermint/client/src/themes/StyledAvatarBadge.js
FN:4,(anonymous_0)
FNF:1
FNH:0
FNDA:0,(anonymous_0)
DA:4,0
LF:1
LH:0
BRF:0
BRH:0
end_of_record
TN:
SF:/home/hanuz06/Desktop/LHL-tasks/team-peppermint/client/src/themes/theme.js
FNF:0
FNH:0
DA:3,0
LF:1
LH:0
BRF:0
BRH:0
end_of_record
